{"/home/felipe/bigtrade/felipe_user_crud_aws/src/01-presentation/app.ts": {"path":"/home/felipe/bigtrade/felipe_user_crud_aws/src/01-presentation/app.ts","statementMap":{"0":{"start":{"line":1,"column":0},"end":{"line":1,"column":24}},"1":{"start":{"line":2,"column":0},"end":{"line":2,"column":43}},"2":{"start":{"line":3,"column":0},"end":{"line":3,"column":41}},"3":{"start":{"line":4,"column":0},"end":{"line":4,"column":67}},"4":{"start":{"line":5,"column":0},"end":{"line":5,"column":77}},"5":{"start":{"line":6,"column":0},"end":{"line":6,"column":85}},"6":{"start":{"line":7,"column":0},"end":{"line":7,"column":92}},"7":{"start":{"line":12,"column":4},"end":{"line":12,"column":25}},"8":{"start":{"line":13,"column":4},"end":{"line":13,"column":25}},"9":{"start":{"line":14,"column":4},"end":{"line":14,"column":23}},"10":{"start":{"line":15,"column":4},"end":{"line":15,"column":18}},"11":{"start":{"line":19,"column":4},"end":{"line":19,"column":33}},"12":{"start":{"line":23,"column":4},"end":{"line":23,"column":48}},"13":{"start":{"line":24,"column":4},"end":{"line":24,"column":52}},"14":{"start":{"line":25,"column":4},"end":{"line":25,"column":52}},"15":{"start":{"line":26,"column":4},"end":{"line":26,"column":62}},"16":{"start":{"line":8,"column":0},"end":{"line":8,"column":13}},"17":{"start":{"line":30,"column":15},"end":{"line":30,"column":33}},"18":{"start":{"line":31,"column":13},"end":{"line":31,"column":39}}},"fnMap":{"0":{"name":"(anonymous_1)","decl":{"start":{"line":11,"column":2},"end":{"line":11,"column":null}},"loc":{"start":{"line":11,"column":2},"end":{"line":16,"column":3}}},"1":{"name":"(anonymous_2)","decl":{"start":{"line":18,"column":10},"end":{"line":18,"column":21}},"loc":{"start":{"line":18,"column":21},"end":{"line":20,"column":3}}},"2":{"name":"(anonymous_3)","decl":{"start":{"line":22,"column":10},"end":{"line":22,"column":16}},"loc":{"start":{"line":22,"column":16},"end":{"line":27,"column":3}}}},"branchMap":{},"s":{"0":0,"1":0,"2":0,"3":0,"4":0,"5":0,"6":0,"7":0,"8":0,"9":0,"10":0,"11":0,"12":0,"13":0,"14":0,"15":0,"16":0,"17":0,"18":0},"f":{"0":0,"1":0,"2":0},"b":{}}
,"/home/felipe/bigtrade/felipe_user_crud_aws/src/01-presentation/controllers/authCognitoController.ts": {"path":"/home/felipe/bigtrade/felipe_user_crud_aws/src/01-presentation/controllers/authCognitoController.ts","statementMap":{"0":{"start":{"line":2,"column":0},"end":{"line":2,"column":81}},"1":{"start":{"line":7,"column":4},"end":{"line":7,"column":49}},"2":{"start":{"line":10,"column":4},"end":{"line":28,"column":5}},"3":{"start":{"line":11,"column":23},"end":{"line":11,"column":54}},"4":{"start":{"line":12,"column":6},"end":{"line":19,"column":7}},"5":{"start":{"line":13,"column":8},"end":{"line":18,"column":11}},"6":{"start":{"line":14,"column":52},"end":{"line":17,"column":12}},"7":{"start":{"line":20,"column":21},"end":{"line":20,"column":71}},"8":{"start":{"line":21,"column":6},"end":{"line":23,"column":7}},"9":{"start":{"line":22,"column":8},"end":{"line":22,"column":44}},"10":{"start":{"line":24,"column":6},"end":{"line":24,"column":42}},"11":{"start":{"line":26,"column":6},"end":{"line":26,"column":null}},"12":{"start":{"line":27,"column":6},"end":{"line":27,"column":49}},"13":{"start":{"line":31,"column":4},"end":{"line":47,"column":5}},"14":{"start":{"line":32,"column":20},"end":{"line":32,"column":45}},"15":{"start":{"line":33,"column":6},"end":{"line":38,"column":7}},"16":{"start":{"line":34,"column":8},"end":{"line":37,"column":11}},"17":{"start":{"line":39,"column":21},"end":{"line":39,"column":82}},"18":{"start":{"line":40,"column":6},"end":{"line":42,"column":7}},"19":{"start":{"line":41,"column":8},"end":{"line":41,"column":44}},"20":{"start":{"line":43,"column":6},"end":{"line":43,"column":42}},"21":{"start":{"line":45,"column":6},"end":{"line":45,"column":null}},"22":{"start":{"line":46,"column":6},"end":{"line":46,"column":49}},"23":{"start":{"line":4,"column":0},"end":{"line":4,"column":13}}},"fnMap":{"0":{"name":"(anonymous_0)","decl":{"start":{"line":6,"column":2},"end":{"line":6,"column":14}},"loc":{"start":{"line":6,"column":52},"end":{"line":8,"column":3}}},"1":{"name":"(anonymous_1)","decl":{"start":{"line":9,"column":9},"end":{"line":9,"column":14}},"loc":{"start":{"line":9,"column":48},"end":{"line":29,"column":3}}},"2":{"name":"(anonymous_2)","decl":{"start":{"line":14,"column":44},"end":{"line":14,"column":47}},"loc":{"start":{"line":14,"column":52},"end":{"line":17,"column":12}}},"3":{"name":"(anonymous_3)","decl":{"start":{"line":30,"column":9},"end":{"line":30,"column":14}},"loc":{"start":{"line":30,"column":56},"end":{"line":48,"column":3}}}},"branchMap":{"0":{"loc":{"start":{"line":12,"column":6},"end":{"line":19,"column":7}},"type":"if","locations":[{"start":{"line":12,"column":6},"end":{"line":19,"column":7}}]},"1":{"loc":{"start":{"line":21,"column":6},"end":{"line":23,"column":7}},"type":"if","locations":[{"start":{"line":21,"column":6},"end":{"line":23,"column":7}}]},"2":{"loc":{"start":{"line":33,"column":6},"end":{"line":38,"column":7}},"type":"if","locations":[{"start":{"line":33,"column":6},"end":{"line":38,"column":7}}]},"3":{"loc":{"start":{"line":40,"column":6},"end":{"line":42,"column":7}},"type":"if","locations":[{"start":{"line":40,"column":6},"end":{"line":42,"column":7}}]}},"s":{"0":0,"1":0,"2":0,"3":0,"4":0,"5":0,"6":0,"7":0,"8":0,"9":0,"10":0,"11":0,"12":0,"13":0,"14":0,"15":0,"16":0,"17":0,"18":0,"19":0,"20":0,"21":0,"22":0,"23":0},"f":{"0":0,"1":0,"2":0,"3":0},"b":{"0":[0],"1":[0],"2":[0],"3":[0]}}
,"/home/felipe/bigtrade/felipe_user_crud_aws/src/01-presentation/controllers/bookController.ts": {"path":"/home/felipe/bigtrade/felipe_user_crud_aws/src/01-presentation/controllers/bookController.ts","statementMap":{"0":{"start":{"line":1,"column":0},"end":{"line":1,"column":48}},"1":{"start":{"line":2,"column":0},"end":{"line":2,"column":59}},"2":{"start":{"line":3,"column":0},"end":{"line":3,"column":62}},"3":{"start":{"line":4,"column":0},"end":{"line":4,"column":61}},"4":{"start":{"line":14,"column":4},"end":{"line":14,"column":35}},"5":{"start":{"line":15,"column":4},"end":{"line":15,"column":35}},"6":{"start":{"line":18,"column":4},"end":{"line":37,"column":5}},"7":{"start":{"line":19,"column":23},"end":{"line":19,"column":53}},"8":{"start":{"line":20,"column":6},"end":{"line":27,"column":7}},"9":{"start":{"line":21,"column":8},"end":{"line":26,"column":11}},"10":{"start":{"line":22,"column":52},"end":{"line":25,"column":12}},"11":{"start":{"line":28,"column":6},"end":{"line":28,"column":50}},"12":{"start":{"line":29,"column":21},"end":{"line":29,"column":64}},"13":{"start":{"line":30,"column":6},"end":{"line":32,"column":7}},"14":{"start":{"line":31,"column":8},"end":{"line":31,"column":44}},"15":{"start":{"line":33,"column":6},"end":{"line":33,"column":42}},"16":{"start":{"line":35,"column":6},"end":{"line":35,"column":null}},"17":{"start":{"line":36,"column":6},"end":{"line":36,"column":49}},"18":{"start":{"line":40,"column":4},"end":{"line":53,"column":5}},"19":{"start":{"line":41,"column":21},"end":{"line":41,"column":31}},"20":{"start":{"line":42,"column":6},"end":{"line":44,"column":7}},"21":{"start":{"line":43,"column":8},"end":{"line":43,"column":null}},"22":{"start":{"line":45,"column":20},"end":{"line":45,"column":54}},"23":{"start":{"line":46,"column":6},"end":{"line":48,"column":7}},"24":{"start":{"line":47,"column":8},"end":{"line":47,"column":43}},"25":{"start":{"line":49,"column":6},"end":{"line":49,"column":41}},"26":{"start":{"line":51,"column":6},"end":{"line":51,"column":null}},"27":{"start":{"line":52,"column":6},"end":{"line":52,"column":49}},"28":{"start":{"line":56,"column":4},"end":{"line":89,"column":5}},"29":{"start":{"line":57,"column":25},"end":{"line":57,"column":35}},"30":{"start":{"line":58,"column":6},"end":{"line":60,"column":7}},"31":{"start":{"line":59,"column":8},"end":{"line":59,"column":null}},"32":{"start":{"line":61,"column":25},"end":{"line":61,"column":59}},"33":{"start":{"line":62,"column":6},"end":{"line":64,"column":7}},"34":{"start":{"line":63,"column":8},"end":{"line":63,"column":null}},"35":{"start":{"line":65,"column":23},"end":{"line":65,"column":59}},"36":{"start":{"line":66,"column":6},"end":{"line":73,"column":7}},"37":{"start":{"line":67,"column":8},"end":{"line":72,"column":11}},"38":{"start":{"line":68,"column":52},"end":{"line":71,"column":12}},"39":{"start":{"line":74,"column":50},"end":{"line":74,"column":71}},"40":{"start":{"line":75,"column":22},"end":{"line":80,"column":null}},"41":{"start":{"line":82,"column":25},"end":{"line":82,"column":71}},"42":{"start":{"line":83,"column":23},"end":{"line":83,"column":48}},"43":{"start":{"line":84,"column":21},"end":{"line":84,"column":64}},"44":{"start":{"line":85,"column":6},"end":{"line":85,"column":42}},"45":{"start":{"line":87,"column":6},"end":{"line":87,"column":null}},"46":{"start":{"line":88,"column":6},"end":{"line":88,"column":49}},"47":{"start":{"line":92,"column":4},"end":{"line":106,"column":5}},"48":{"start":{"line":93,"column":23},"end":{"line":93,"column":33}},"49":{"start":{"line":94,"column":6},"end":{"line":96,"column":7}},"50":{"start":{"line":95,"column":8},"end":{"line":95,"column":null}},"51":{"start":{"line":98,"column":19},"end":{"line":98,"column":71}},"52":{"start":{"line":99,"column":6},"end":{"line":101,"column":7}},"53":{"start":{"line":100,"column":8},"end":{"line":100,"column":null}},"54":{"start":{"line":102,"column":6},"end":{"line":102,"column":40}},"55":{"start":{"line":104,"column":6},"end":{"line":104,"column":null}},"56":{"start":{"line":105,"column":6},"end":{"line":105,"column":49}},"57":{"start":{"line":10,"column":0},"end":{"line":10,"column":13}}},"fnMap":{"0":{"name":"(anonymous_0)","decl":{"start":{"line":13,"column":2},"end":{"line":13,"column":14}},"loc":{"start":{"line":13,"column":64},"end":{"line":16,"column":3}}},"1":{"name":"(anonymous_1)","decl":{"start":{"line":17,"column":2},"end":{"line":17,"column":7}},"loc":{"start":{"line":17,"column":47},"end":{"line":38,"column":3}}},"2":{"name":"(anonymous_2)","decl":{"start":{"line":22,"column":44},"end":{"line":22,"column":47}},"loc":{"start":{"line":22,"column":52},"end":{"line":25,"column":12}}},"3":{"name":"(anonymous_3)","decl":{"start":{"line":39,"column":2},"end":{"line":39,"column":7}},"loc":{"start":{"line":39,"column":44},"end":{"line":54,"column":3}}},"4":{"name":"(anonymous_4)","decl":{"start":{"line":55,"column":2},"end":{"line":55,"column":7}},"loc":{"start":{"line":55,"column":46},"end":{"line":90,"column":3}}},"5":{"name":"(anonymous_5)","decl":{"start":{"line":68,"column":44},"end":{"line":68,"column":47}},"loc":{"start":{"line":68,"column":52},"end":{"line":71,"column":12}}},"6":{"name":"(anonymous_6)","decl":{"start":{"line":91,"column":2},"end":{"line":91,"column":7}},"loc":{"start":{"line":91,"column":45},"end":{"line":107,"column":3}}}},"branchMap":{"0":{"loc":{"start":{"line":20,"column":6},"end":{"line":27,"column":7}},"type":"if","locations":[{"start":{"line":20,"column":6},"end":{"line":27,"column":7}}]},"1":{"loc":{"start":{"line":30,"column":6},"end":{"line":32,"column":7}},"type":"if","locations":[{"start":{"line":30,"column":6},"end":{"line":32,"column":7}}]},"2":{"loc":{"start":{"line":42,"column":6},"end":{"line":44,"column":7}},"type":"if","locations":[{"start":{"line":42,"column":6},"end":{"line":44,"column":7}}]},"3":{"loc":{"start":{"line":46,"column":6},"end":{"line":48,"column":7}},"type":"if","locations":[{"start":{"line":46,"column":6},"end":{"line":48,"column":7}}]},"4":{"loc":{"start":{"line":58,"column":6},"end":{"line":60,"column":7}},"type":"if","locations":[{"start":{"line":58,"column":6},"end":{"line":60,"column":7}}]},"5":{"loc":{"start":{"line":58,"column":9},"end":{"line":58,"column":21}},"type":"binary-expr","locations":[{"start":{"line":58,"column":9},"end":{"line":58,"column":12}},{"start":{"line":58,"column":16},"end":{"line":58,"column":21}}]},"6":{"loc":{"start":{"line":62,"column":6},"end":{"line":64,"column":7}},"type":"if","locations":[{"start":{"line":62,"column":6},"end":{"line":64,"column":7}}]},"7":{"loc":{"start":{"line":66,"column":6},"end":{"line":73,"column":7}},"type":"if","locations":[{"start":{"line":66,"column":6},"end":{"line":73,"column":7}}]},"8":{"loc":{"start":{"line":94,"column":6},"end":{"line":96,"column":7}},"type":"if","locations":[{"start":{"line":94,"column":6},"end":{"line":96,"column":7}}]},"9":{"loc":{"start":{"line":99,"column":6},"end":{"line":101,"column":7}},"type":"if","locations":[{"start":{"line":99,"column":6},"end":{"line":101,"column":7}}]}},"s":{"0":0,"1":0,"2":0,"3":0,"4":0,"5":0,"6":0,"7":0,"8":0,"9":0,"10":0,"11":0,"12":0,"13":0,"14":0,"15":0,"16":0,"17":0,"18":0,"19":0,"20":0,"21":0,"22":0,"23":0,"24":0,"25":0,"26":0,"27":0,"28":0,"29":0,"30":0,"31":0,"32":0,"33":0,"34":0,"35":0,"36":0,"37":0,"38":0,"39":0,"40":0,"41":0,"42":0,"43":0,"44":0,"45":0,"46":0,"47":0,"48":0,"49":0,"50":0,"51":0,"52":0,"53":0,"54":0,"55":0,"56":0,"57":0},"f":{"0":0,"1":0,"2":0,"3":0,"4":0,"5":0,"6":0},"b":{"0":[0],"1":[0],"2":[0],"3":[0],"4":[0],"5":[0,0],"6":[0],"7":[0],"8":[0],"9":[0]}}
,"/home/felipe/bigtrade/felipe_user_crud_aws/src/01-presentation/controllers/userBookController.ts": {"path":"/home/felipe/bigtrade/felipe_user_crud_aws/src/01-presentation/controllers/userBookController.ts","statementMap":{"0":{"start":{"line":1,"column":0},"end":{"line":1,"column":48}},"1":{"start":{"line":2,"column":0},"end":{"line":2,"column":60}},"2":{"start":{"line":3,"column":0},"end":{"line":3,"column":55}},"3":{"start":{"line":4,"column":0},"end":{"line":4,"column":61}},"4":{"start":{"line":10,"column":0},"end":{"line":10,"column":64}},"5":{"start":{"line":16,"column":4},"end":{"line":16,"column":35}},"6":{"start":{"line":17,"column":4},"end":{"line":17,"column":35}},"7":{"start":{"line":20,"column":4},"end":{"line":39,"column":5}},"8":{"start":{"line":21,"column":23},"end":{"line":21,"column":53}},"9":{"start":{"line":22,"column":6},"end":{"line":29,"column":7}},"10":{"start":{"line":23,"column":8},"end":{"line":28,"column":11}},"11":{"start":{"line":24,"column":52},"end":{"line":27,"column":12}},"12":{"start":{"line":30,"column":22},"end":{"line":30,"column":58}},"13":{"start":{"line":31,"column":21},"end":{"line":31,"column":63}},"14":{"start":{"line":32,"column":6},"end":{"line":34,"column":7}},"15":{"start":{"line":33,"column":8},"end":{"line":33,"column":null}},"16":{"start":{"line":35,"column":6},"end":{"line":35,"column":42}},"17":{"start":{"line":37,"column":6},"end":{"line":37,"column":null}},"18":{"start":{"line":38,"column":6},"end":{"line":38,"column":49}},"19":{"start":{"line":42,"column":4},"end":{"line":55,"column":5}},"20":{"start":{"line":43,"column":21},"end":{"line":43,"column":31}},"21":{"start":{"line":44,"column":6},"end":{"line":46,"column":7}},"22":{"start":{"line":45,"column":8},"end":{"line":45,"column":null}},"23":{"start":{"line":47,"column":19},"end":{"line":47,"column":53}},"24":{"start":{"line":48,"column":6},"end":{"line":50,"column":7}},"25":{"start":{"line":49,"column":8},"end":{"line":49,"column":null}},"26":{"start":{"line":51,"column":6},"end":{"line":51,"column":40}},"27":{"start":{"line":53,"column":6},"end":{"line":53,"column":null}},"28":{"start":{"line":54,"column":6},"end":{"line":54,"column":49}},"29":{"start":{"line":58,"column":4},"end":{"line":93,"column":5}},"30":{"start":{"line":59,"column":30},"end":{"line":59,"column":40}},"31":{"start":{"line":60,"column":6},"end":{"line":62,"column":7}},"32":{"start":{"line":61,"column":8},"end":{"line":61,"column":null}},"33":{"start":{"line":63,"column":22},"end":{"line":63,"column":56}},"34":{"start":{"line":64,"column":6},"end":{"line":66,"column":7}},"35":{"start":{"line":65,"column":8},"end":{"line":65,"column":null}},"36":{"start":{"line":67,"column":23},"end":{"line":67,"column":59}},"37":{"start":{"line":68,"column":6},"end":{"line":75,"column":7}},"38":{"start":{"line":69,"column":8},"end":{"line":74,"column":11}},"39":{"start":{"line":70,"column":52},"end":{"line":73,"column":12}},"40":{"start":{"line":76,"column":68},"end":{"line":76,"column":86}},"41":{"start":{"line":77,"column":22},"end":{"line":84,"column":null}},"42":{"start":{"line":86,"column":25},"end":{"line":86,"column":71}},"43":{"start":{"line":87,"column":23},"end":{"line":87,"column":48}},"44":{"start":{"line":88,"column":21},"end":{"line":88,"column":64}},"45":{"start":{"line":89,"column":6},"end":{"line":89,"column":42}},"46":{"start":{"line":91,"column":6},"end":{"line":91,"column":null}},"47":{"start":{"line":92,"column":6},"end":{"line":92,"column":49}},"48":{"start":{"line":96,"column":4},"end":{"line":109,"column":5}},"49":{"start":{"line":97,"column":28},"end":{"line":97,"column":38}},"50":{"start":{"line":98,"column":6},"end":{"line":100,"column":7}},"51":{"start":{"line":99,"column":8},"end":{"line":99,"column":null}},"52":{"start":{"line":101,"column":18},"end":{"line":101,"column":65}},"53":{"start":{"line":102,"column":6},"end":{"line":104,"column":7}},"54":{"start":{"line":103,"column":8},"end":{"line":103,"column":null}},"55":{"start":{"line":105,"column":6},"end":{"line":105,"column":39}},"56":{"start":{"line":107,"column":6},"end":{"line":107,"column":null}},"57":{"start":{"line":108,"column":6},"end":{"line":108,"column":49}},"58":{"start":{"line":112,"column":4},"end":{"line":131,"column":5}},"59":{"start":{"line":113,"column":37},"end":{"line":113,"column":45}},"60":{"start":{"line":114,"column":23},"end":{"line":114,"column":57}},"61":{"start":{"line":115,"column":6},"end":{"line":122,"column":7}},"62":{"start":{"line":116,"column":8},"end":{"line":121,"column":11}},"63":{"start":{"line":117,"column":52},"end":{"line":120,"column":12}},"64":{"start":{"line":123,"column":21},"end":{"line":123,"column":72}},"65":{"start":{"line":124,"column":6},"end":{"line":126,"column":7}},"66":{"start":{"line":125,"column":8},"end":{"line":125,"column":null}},"67":{"start":{"line":127,"column":6},"end":{"line":127,"column":42}},"68":{"start":{"line":129,"column":6},"end":{"line":129,"column":null}},"69":{"start":{"line":130,"column":6},"end":{"line":130,"column":49}},"70":{"start":{"line":134,"column":4},"end":{"line":153,"column":5}},"71":{"start":{"line":135,"column":37},"end":{"line":135,"column":45}},"72":{"start":{"line":136,"column":23},"end":{"line":136,"column":57}},"73":{"start":{"line":137,"column":6},"end":{"line":144,"column":7}},"74":{"start":{"line":138,"column":8},"end":{"line":143,"column":11}},"75":{"start":{"line":139,"column":52},"end":{"line":142,"column":12}},"76":{"start":{"line":145,"column":21},"end":{"line":145,"column":74}},"77":{"start":{"line":146,"column":6},"end":{"line":148,"column":7}},"78":{"start":{"line":147,"column":8},"end":{"line":147,"column":null}},"79":{"start":{"line":149,"column":6},"end":{"line":149,"column":42}},"80":{"start":{"line":151,"column":6},"end":{"line":151,"column":null}},"81":{"start":{"line":152,"column":6},"end":{"line":152,"column":49}},"82":{"start":{"line":12,"column":0},"end":{"line":12,"column":13}}},"fnMap":{"0":{"name":"(anonymous_0)","decl":{"start":{"line":15,"column":2},"end":{"line":15,"column":14}},"loc":{"start":{"line":15,"column":73},"end":{"line":18,"column":3}}},"1":{"name":"(anonymous_1)","decl":{"start":{"line":19,"column":2},"end":{"line":19,"column":7}},"loc":{"start":{"line":19,"column":46},"end":{"line":40,"column":3}}},"2":{"name":"(anonymous_2)","decl":{"start":{"line":24,"column":44},"end":{"line":24,"column":47}},"loc":{"start":{"line":24,"column":52},"end":{"line":27,"column":12}}},"3":{"name":"(anonymous_3)","decl":{"start":{"line":41,"column":2},"end":{"line":41,"column":7}},"loc":{"start":{"line":41,"column":43},"end":{"line":56,"column":3}}},"4":{"name":"(anonymous_4)","decl":{"start":{"line":57,"column":2},"end":{"line":57,"column":7}},"loc":{"start":{"line":57,"column":46},"end":{"line":94,"column":3}}},"5":{"name":"(anonymous_5)","decl":{"start":{"line":70,"column":44},"end":{"line":70,"column":47}},"loc":{"start":{"line":70,"column":52},"end":{"line":73,"column":12}}},"6":{"name":"(anonymous_6)","decl":{"start":{"line":95,"column":2},"end":{"line":95,"column":7}},"loc":{"start":{"line":95,"column":49},"end":{"line":110,"column":3}}},"7":{"name":"(anonymous_7)","decl":{"start":{"line":111,"column":2},"end":{"line":111,"column":7}},"loc":{"start":{"line":111,"column":47},"end":{"line":132,"column":3}}},"8":{"name":"(anonymous_8)","decl":{"start":{"line":117,"column":44},"end":{"line":117,"column":47}},"loc":{"start":{"line":117,"column":52},"end":{"line":120,"column":12}}},"9":{"name":"(anonymous_9)","decl":{"start":{"line":133,"column":2},"end":{"line":133,"column":7}},"loc":{"start":{"line":133,"column":50},"end":{"line":154,"column":3}}},"10":{"name":"(anonymous_10)","decl":{"start":{"line":139,"column":44},"end":{"line":139,"column":47}},"loc":{"start":{"line":139,"column":52},"end":{"line":142,"column":12}}}},"branchMap":{"0":{"loc":{"start":{"line":22,"column":6},"end":{"line":29,"column":7}},"type":"if","locations":[{"start":{"line":22,"column":6},"end":{"line":29,"column":7}}]},"1":{"loc":{"start":{"line":32,"column":6},"end":{"line":34,"column":7}},"type":"if","locations":[{"start":{"line":32,"column":6},"end":{"line":34,"column":7}}]},"2":{"loc":{"start":{"line":44,"column":6},"end":{"line":46,"column":7}},"type":"if","locations":[{"start":{"line":44,"column":6},"end":{"line":46,"column":7}}]},"3":{"loc":{"start":{"line":48,"column":6},"end":{"line":50,"column":7}},"type":"if","locations":[{"start":{"line":48,"column":6},"end":{"line":50,"column":7}}]},"4":{"loc":{"start":{"line":60,"column":6},"end":{"line":62,"column":7}},"type":"if","locations":[{"start":{"line":60,"column":6},"end":{"line":62,"column":7}}]},"5":{"loc":{"start":{"line":60,"column":9},"end":{"line":60,"column":26}},"type":"binary-expr","locations":[{"start":{"line":60,"column":9},"end":{"line":60,"column":12}},{"start":{"line":60,"column":16},"end":{"line":60,"column":26}}]},"6":{"loc":{"start":{"line":64,"column":6},"end":{"line":66,"column":7}},"type":"if","locations":[{"start":{"line":64,"column":6},"end":{"line":66,"column":7}}]},"7":{"loc":{"start":{"line":68,"column":6},"end":{"line":75,"column":7}},"type":"if","locations":[{"start":{"line":68,"column":6},"end":{"line":75,"column":7}}]},"8":{"loc":{"start":{"line":98,"column":6},"end":{"line":100,"column":7}},"type":"if","locations":[{"start":{"line":98,"column":6},"end":{"line":100,"column":7}}]},"9":{"loc":{"start":{"line":102,"column":6},"end":{"line":104,"column":7}},"type":"if","locations":[{"start":{"line":102,"column":6},"end":{"line":104,"column":7}}]},"10":{"loc":{"start":{"line":115,"column":6},"end":{"line":122,"column":7}},"type":"if","locations":[{"start":{"line":115,"column":6},"end":{"line":122,"column":7}}]},"11":{"loc":{"start":{"line":124,"column":6},"end":{"line":126,"column":7}},"type":"if","locations":[{"start":{"line":124,"column":6},"end":{"line":126,"column":7}}]},"12":{"loc":{"start":{"line":137,"column":6},"end":{"line":144,"column":7}},"type":"if","locations":[{"start":{"line":137,"column":6},"end":{"line":144,"column":7}}]},"13":{"loc":{"start":{"line":146,"column":6},"end":{"line":148,"column":7}},"type":"if","locations":[{"start":{"line":146,"column":6},"end":{"line":148,"column":7}}]}},"s":{"0":0,"1":0,"2":0,"3":0,"4":0,"5":0,"6":0,"7":0,"8":0,"9":0,"10":0,"11":0,"12":0,"13":0,"14":0,"15":0,"16":0,"17":0,"18":0,"19":0,"20":0,"21":0,"22":0,"23":0,"24":0,"25":0,"26":0,"27":0,"28":0,"29":0,"30":0,"31":0,"32":0,"33":0,"34":0,"35":0,"36":0,"37":0,"38":0,"39":0,"40":0,"41":0,"42":0,"43":0,"44":0,"45":0,"46":0,"47":0,"48":0,"49":0,"50":0,"51":0,"52":0,"53":0,"54":0,"55":0,"56":0,"57":0,"58":0,"59":0,"60":0,"61":0,"62":0,"63":0,"64":0,"65":0,"66":0,"67":0,"68":0,"69":0,"70":0,"71":0,"72":0,"73":0,"74":0,"75":0,"76":0,"77":0,"78":0,"79":0,"80":0,"81":0,"82":0},"f":{"0":0,"1":0,"2":0,"3":0,"4":0,"5":0,"6":0,"7":0,"8":0,"9":0,"10":0},"b":{"0":[0],"1":[0],"2":[0],"3":[0],"4":[0],"5":[0,0],"6":[0],"7":[0],"8":[0],"9":[0],"10":[0],"11":[0],"12":[0],"13":[0]}}
,"/home/felipe/bigtrade/felipe_user_crud_aws/src/01-presentation/controllers/userCognitoController.ts": {"path":"/home/felipe/bigtrade/felipe_user_crud_aws/src/01-presentation/controllers/userCognitoController.ts","statementMap":{"0":{"start":{"line":2,"column":0},"end":{"line":2,"column":98}},"1":{"start":{"line":7,"column":4},"end":{"line":7,"column":49}},"2":{"start":{"line":10,"column":4},"end":{"line":28,"column":5}},"3":{"start":{"line":11,"column":23},"end":{"line":11,"column":68}},"4":{"start":{"line":12,"column":6},"end":{"line":19,"column":7}},"5":{"start":{"line":13,"column":8},"end":{"line":18,"column":11}},"6":{"start":{"line":14,"column":52},"end":{"line":17,"column":12}},"7":{"start":{"line":20,"column":21},"end":{"line":20,"column":76}},"8":{"start":{"line":21,"column":6},"end":{"line":23,"column":7}},"9":{"start":{"line":22,"column":8},"end":{"line":22,"column":44}},"10":{"start":{"line":24,"column":6},"end":{"line":24,"column":42}},"11":{"start":{"line":26,"column":6},"end":{"line":26,"column":null}},"12":{"start":{"line":27,"column":6},"end":{"line":27,"column":49}},"13":{"start":{"line":4,"column":0},"end":{"line":4,"column":13}}},"fnMap":{"0":{"name":"(anonymous_0)","decl":{"start":{"line":6,"column":2},"end":{"line":6,"column":14}},"loc":{"start":{"line":6,"column":52},"end":{"line":8,"column":3}}},"1":{"name":"(anonymous_1)","decl":{"start":{"line":9,"column":9},"end":{"line":9,"column":14}},"loc":{"start":{"line":9,"column":53},"end":{"line":29,"column":3}}},"2":{"name":"(anonymous_2)","decl":{"start":{"line":14,"column":44},"end":{"line":14,"column":47}},"loc":{"start":{"line":14,"column":52},"end":{"line":17,"column":12}}}},"branchMap":{"0":{"loc":{"start":{"line":12,"column":6},"end":{"line":19,"column":7}},"type":"if","locations":[{"start":{"line":12,"column":6},"end":{"line":19,"column":7}}]},"1":{"loc":{"start":{"line":21,"column":6},"end":{"line":23,"column":7}},"type":"if","locations":[{"start":{"line":21,"column":6},"end":{"line":23,"column":7}}]}},"s":{"0":1,"1":1,"2":4,"3":4,"4":4,"5":1,"6":1,"7":3,"8":2,"9":0,"10":2,"11":1,"12":1,"13":1},"f":{"0":1,"1":4,"2":1},"b":{"0":[1],"1":[0]}}
,"/home/felipe/bigtrade/felipe_user_crud_aws/src/01-presentation/controllers/events/sqsFelipe.ts": {"path":"/home/felipe/bigtrade/felipe_user_crud_aws/src/01-presentation/controllers/events/sqsFelipe.ts","statementMap":{"0":{"start":{"line":2,"column":0},"end":{"line":2,"column":59}},"1":{"start":{"line":3,"column":0},"end":{"line":3,"column":59}},"2":{"start":{"line":4,"column":0},"end":{"line":4,"column":67}},"3":{"start":{"line":5,"column":0},"end":{"line":5,"column":56}},"4":{"start":{"line":6,"column":23},"end":{"line":55,"column":1}},"5":{"start":{"line":7,"column":2},"end":{"line":54,"column":3}},"6":{"start":{"line":8,"column":23},"end":{"line":8,"column":41}},"7":{"start":{"line":9,"column":24},"end":{"line":9,"column":63}},"8":{"start":{"line":10,"column":24},"end":{"line":10,"column":64}},"9":{"start":{"line":11,"column":24},"end":{"line":11,"column":65}},"10":{"start":{"line":12,"column":33},"end":{"line":12,"column":46}},"11":{"start":{"line":13,"column":43},"end":{"line":13,"column":45}},"12":{"start":{"line":14,"column":4},"end":{"line":14,"column":43}},"13":{"start":{"line":15,"column":4},"end":{"line":39,"column":5}},"14":{"start":{"line":16,"column":22},"end":{"line":16,"column":45}},"15":{"start":{"line":17,"column":6},"end":{"line":20,"column":8}},"16":{"start":{"line":22,"column":19},"end":{"line":22,"column":38}},"17":{"start":{"line":23,"column":6},"end":{"line":38,"column":7}},"18":{"start":{"line":24,"column":8},"end":{"line":24,"column":81}},"19":{"start":{"line":25,"column":8},"end":{"line":31,"column":10}},"20":{"start":{"line":33,"column":11},"end":{"line":38,"column":7}},"21":{"start":{"line":34,"column":8},"end":{"line":34,"column":61}},"22":{"start":{"line":36,"column":11},"end":{"line":38,"column":7}},"23":{"start":{"line":37,"column":8},"end":{"line":37,"column":61}},"24":{"start":{"line":40,"column":4},"end":{"line":40,"column":38}},"25":{"start":{"line":41,"column":4},"end":{"line":44,"column":6}},"26":{"start":{"line":46,"column":4},"end":{"line":46,"column":24}},"27":{"start":{"line":47,"column":4},"end":{"line":47,"column":31}},"28":{"start":{"line":48,"column":4},"end":{"line":53,"column":6}},"29":{"start":{"line":6,"column":13},"end":{"line":6,"column":23}}},"fnMap":{"0":{"name":"(anonymous_0)","decl":{"start":{"line":6,"column":23},"end":{"line":6,"column":28}},"loc":{"start":{"line":6,"column":49},"end":{"line":55,"column":1}}}},"branchMap":{"0":{"loc":{"start":{"line":23,"column":6},"end":{"line":38,"column":7}},"type":"if","locations":[{"start":{"line":23,"column":6},"end":{"line":38,"column":7}},{"start":{"line":33,"column":11},"end":{"line":38,"column":7}}]},"1":{"loc":{"start":{"line":23,"column":9},"end":{"line":23,"column":47}},"type":"binary-expr","locations":[{"start":{"line":23,"column":9},"end":{"line":23,"column":27}},{"start":{"line":23,"column":31},"end":{"line":23,"column":47}}]},"2":{"loc":{"start":{"line":33,"column":11},"end":{"line":38,"column":7}},"type":"if","locations":[{"start":{"line":33,"column":11},"end":{"line":38,"column":7}},{"start":{"line":36,"column":11},"end":{"line":38,"column":7}}]},"3":{"loc":{"start":{"line":36,"column":11},"end":{"line":38,"column":7}},"type":"if","locations":[{"start":{"line":36,"column":11},"end":{"line":38,"column":7}}]},"4":{"loc":{"start":{"line":49,"column":18},"end":{"line":49,"column":35}},"type":"binary-expr","locations":[{"start":{"line":49,"column":18},"end":{"line":49,"column":28}},{"start":{"line":49,"column":32},"end":{"line":49,"column":35}}]},"5":{"loc":{"start":{"line":51,"column":17},"end":{"line":51,"column":57}},"type":"binary-expr","locations":[{"start":{"line":51,"column":17},"end":{"line":51,"column":30}},{"start":{"line":51,"column":34},"end":{"line":51,"column":57}}]}},"s":{"0":0,"1":0,"2":0,"3":0,"4":0,"5":0,"6":0,"7":0,"8":0,"9":0,"10":0,"11":0,"12":0,"13":0,"14":0,"15":0,"16":0,"17":0,"18":0,"19":0,"20":0,"21":0,"22":0,"23":0,"24":0,"25":0,"26":0,"27":0,"28":0,"29":0},"f":{"0":0},"b":{"0":[0,0],"1":[0,0],"2":[0,0],"3":[0],"4":[0,0],"5":[0,0]}}
,"/home/felipe/bigtrade/felipe_user_crud_aws/src/01-presentation/controllers/schemas/bookSchema.ts": {"path":"/home/felipe/bigtrade/felipe_user_crud_aws/src/01-presentation/controllers/schemas/bookSchema.ts","statementMap":{"0":{"start":{"line":1,"column":0},"end":{"line":1,"column":24}},"1":{"start":{"line":2,"column":13},"end":{"line":12,"column":null}}},"fnMap":{},"branchMap":{},"s":{"0":0,"1":0},"f":{},"b":{}}
,"/home/felipe/bigtrade/felipe_user_crud_aws/src/01-presentation/controllers/schemas/bookUpdateSchema.ts": {"path":"/home/felipe/bigtrade/felipe_user_crud_aws/src/01-presentation/controllers/schemas/bookUpdateSchema.ts","statementMap":{"0":{"start":{"line":1,"column":0},"end":{"line":1,"column":24}},"1":{"start":{"line":2,"column":13},"end":{"line":6,"column":null}}},"fnMap":{},"branchMap":{},"s":{"0":0,"1":0},"f":{},"b":{}}
,"/home/felipe/bigtrade/felipe_user_crud_aws/src/01-presentation/controllers/schemas/cognitoLogin.ts": {"path":"/home/felipe/bigtrade/felipe_user_crud_aws/src/01-presentation/controllers/schemas/cognitoLogin.ts","statementMap":{"0":{"start":{"line":1,"column":0},"end":{"line":1,"column":24}},"1":{"start":{"line":3,"column":13},"end":{"line":8,"column":3}}},"fnMap":{},"branchMap":{},"s":{"0":0,"1":0},"f":{},"b":{}}
,"/home/felipe/bigtrade/felipe_user_crud_aws/src/01-presentation/controllers/schemas/cognitoNewUser.ts": {"path":"/home/felipe/bigtrade/felipe_user_crud_aws/src/01-presentation/controllers/schemas/cognitoNewUser.ts","statementMap":{"0":{"start":{"line":1,"column":0},"end":{"line":1,"column":24}},"1":{"start":{"line":4,"column":13},"end":{"line":7,"column":3}},"2":{"start":{"line":11,"column":13},"end":{"line":22,"column":3}}},"fnMap":{},"branchMap":{},"s":{"0":1,"1":1,"2":1},"f":{},"b":{}}
,"/home/felipe/bigtrade/felipe_user_crud_aws/src/01-presentation/controllers/schemas/userCaseSchema.ts": {"path":"/home/felipe/bigtrade/felipe_user_crud_aws/src/01-presentation/controllers/schemas/userCaseSchema.ts","statementMap":{"0":{"start":{"line":1,"column":0},"end":{"line":1,"column":24}},"1":{"start":{"line":2,"column":13},"end":{"line":9,"column":null}}},"fnMap":{},"branchMap":{},"s":{"0":0,"1":0},"f":{},"b":{}}
,"/home/felipe/bigtrade/felipe_user_crud_aws/src/01-presentation/controllers/schemas/userSchema.ts": {"path":"/home/felipe/bigtrade/felipe_user_crud_aws/src/01-presentation/controllers/schemas/userSchema.ts","statementMap":{"0":{"start":{"line":1,"column":0},"end":{"line":1,"column":24}},"1":{"start":{"line":2,"column":13},"end":{"line":27,"column":null}},"2":{"start":{"line":5,"column":21},"end":{"line":5,"column":63}}},"fnMap":{"0":{"name":"(anonymous_0)","decl":{"start":{"line":5,"column":12},"end":{"line":5,"column":17}},"loc":{"start":{"line":5,"column":21},"end":{"line":5,"column":63}}}},"branchMap":{"0":{"loc":{"start":{"line":5,"column":21},"end":{"line":5,"column":63}},"type":"binary-expr","locations":[{"start":{"line":5,"column":21},"end":{"line":5,"column":40}},{"start":{"line":5,"column":44},"end":{"line":5,"column":63}}]}},"s":{"0":0,"1":0,"2":0},"f":{"0":0},"b":{"0":[0,0]}}
,"/home/felipe/bigtrade/felipe_user_crud_aws/src/01-presentation/controllers/schemas/userUpdateSchema.ts": {"path":"/home/felipe/bigtrade/felipe_user_crud_aws/src/01-presentation/controllers/schemas/userUpdateSchema.ts","statementMap":{"0":{"start":{"line":1,"column":0},"end":{"line":1,"column":24}},"1":{"start":{"line":2,"column":13},"end":{"line":10,"column":null}}},"fnMap":{},"branchMap":{},"s":{"0":0,"1":0},"f":{},"b":{}}
,"/home/felipe/bigtrade/felipe_user_crud_aws/src/01-presentation/routes/express-route-auth-cognito.ts": {"path":"/home/felipe/bigtrade/felipe_user_crud_aws/src/01-presentation/routes/express-route-auth-cognito.ts","statementMap":{"0":{"start":{"line":1,"column":0},"end":{"line":1,"column":52}},"1":{"start":{"line":2,"column":0},"end":{"line":2,"column":94}},"2":{"start":{"line":3,"column":0},"end":{"line":3,"column":73}},"3":{"start":{"line":4,"column":0},"end":{"line":4,"column":64}},"4":{"start":{"line":5,"column":0},"end":{"line":5,"column":58}},"5":{"start":{"line":6,"column":0},"end":{"line":6,"column":73}},"6":{"start":{"line":8,"column":15},"end":{"line":8,"column":23}},"7":{"start":{"line":9,"column":19},"end":{"line":9,"column":37}},"8":{"start":{"line":10,"column":24},"end":{"line":10,"column":97}},"9":{"start":{"line":11,"column":27},"end":{"line":11,"column":66}},"10":{"start":{"line":12,"column":23},"end":{"line":12,"column":93}},"11":{"start":{"line":13,"column":30},"end":{"line":13,"column":71}},"12":{"start":{"line":15,"column":0},"end":{"line":15,"column":94}},"13":{"start":{"line":15,"column":55},"end":{"line":15,"column":92}},"14":{"start":{"line":16,"column":0},"end":{"line":16,"column":110}},"15":{"start":{"line":16,"column":63},"end":{"line":16,"column":108}},"16":{"start":{"line":17,"column":0},"end":{"line":17,"column":22}}},"fnMap":{"0":{"name":"(anonymous_0)","decl":{"start":{"line":15,"column":22},"end":{"line":15,"column":23}},"loc":{"start":{"line":15,"column":55},"end":{"line":15,"column":92}}},"1":{"name":"(anonymous_1)","decl":{"start":{"line":16,"column":30},"end":{"line":16,"column":31}},"loc":{"start":{"line":16,"column":63},"end":{"line":16,"column":108}}}},"branchMap":{},"s":{"0":0,"1":0,"2":0,"3":0,"4":0,"5":0,"6":0,"7":0,"8":0,"9":0,"10":0,"11":0,"12":0,"13":0,"14":0,"15":0,"16":0},"f":{"0":0,"1":0},"b":{}}
,"/home/felipe/bigtrade/felipe_user_crud_aws/src/01-presentation/routes/express-route-user-cognito.ts": {"path":"/home/felipe/bigtrade/felipe_user_crud_aws/src/01-presentation/routes/express-route-user-cognito.ts","statementMap":{"0":{"start":{"line":1,"column":0},"end":{"line":1,"column":52}},"1":{"start":{"line":2,"column":0},"end":{"line":2,"column":94}},"2":{"start":{"line":3,"column":0},"end":{"line":3,"column":64}},"3":{"start":{"line":4,"column":0},"end":{"line":4,"column":73}},"4":{"start":{"line":6,"column":15},"end":{"line":6,"column":23}},"5":{"start":{"line":7,"column":24},"end":{"line":7,"column":97}},"6":{"start":{"line":8,"column":27},"end":{"line":8,"column":66}},"7":{"start":{"line":9,"column":30},"end":{"line":9,"column":75}},"8":{"start":{"line":11,"column":0},"end":{"line":11,"column":104}},"9":{"start":{"line":11,"column":60},"end":{"line":11,"column":102}},"10":{"start":{"line":12,"column":0},"end":{"line":12,"column":22}}},"fnMap":{"0":{"name":"(anonymous_0)","decl":{"start":{"line":11,"column":27},"end":{"line":11,"column":28}},"loc":{"start":{"line":11,"column":60},"end":{"line":11,"column":102}}}},"branchMap":{},"s":{"0":0,"1":0,"2":0,"3":0,"4":0,"5":0,"6":0,"7":0,"8":0,"9":0,"10":0},"f":{"0":0},"b":{}}
,"/home/felipe/bigtrade/felipe_user_crud_aws/src/01-presentation/routes/express-route.ts": {"path":"/home/felipe/bigtrade/felipe_user_crud_aws/src/01-presentation/routes/express-route.ts","statementMap":{"0":{"start":{"line":1,"column":0},"end":{"line":1,"column":52}},"1":{"start":{"line":2,"column":0},"end":{"line":2,"column":88}},"2":{"start":{"line":3,"column":0},"end":{"line":3,"column":67}},"3":{"start":{"line":4,"column":0},"end":{"line":4,"column":58}},"4":{"start":{"line":5,"column":0},"end":{"line":5,"column":59}},"5":{"start":{"line":6,"column":0},"end":{"line":6,"column":59}},"6":{"start":{"line":8,"column":15},"end":{"line":8,"column":23}},"7":{"start":{"line":9,"column":19},"end":{"line":9,"column":37}},"8":{"start":{"line":10,"column":20},"end":{"line":10,"column":59}},"9":{"start":{"line":11,"column":19},"end":{"line":11,"column":59}},"10":{"start":{"line":12,"column":20},"end":{"line":12,"column":61}},"11":{"start":{"line":13,"column":27},"end":{"line":13,"column":75}},"12":{"start":{"line":15,"column":0},"end":{"line":15,"column":106}},"13":{"start":{"line":15,"column":61},"end":{"line":15,"column":104}},"14":{"start":{"line":16,"column":0},"end":{"line":16,"column":101}},"15":{"start":{"line":16,"column":59},"end":{"line":16,"column":99}},"16":{"start":{"line":17,"column":0},"end":{"line":17,"column":90}},"17":{"start":{"line":17,"column":49},"end":{"line":17,"column":88}},"18":{"start":{"line":18,"column":0},"end":{"line":18,"column":99}},"19":{"start":{"line":18,"column":61},"end":{"line":18,"column":97}},"20":{"start":{"line":19,"column":0},"end":{"line":19,"column":118}},"21":{"start":{"line":19,"column":74},"end":{"line":19,"column":116}},"22":{"start":{"line":20,"column":0},"end":{"line":28,"column":3}},"23":{"start":{"line":21,"column":2},"end":{"line":27,"column":3}},"24":{"start":{"line":22,"column":4},"end":{"line":22,"column":41}},"25":{"start":{"line":24,"column":4},"end":{"line":26,"column":7}},"26":{"start":{"line":31,"column":0},"end":{"line":31,"column":22}}},"fnMap":{"0":{"name":"(anonymous_0)","decl":{"start":{"line":15,"column":28},"end":{"line":15,"column":29}},"loc":{"start":{"line":15,"column":61},"end":{"line":15,"column":104}}},"1":{"name":"(anonymous_1)","decl":{"start":{"line":16,"column":26},"end":{"line":16,"column":27}},"loc":{"start":{"line":16,"column":59},"end":{"line":16,"column":99}}},"2":{"name":"(anonymous_2)","decl":{"start":{"line":17,"column":16},"end":{"line":17,"column":17}},"loc":{"start":{"line":17,"column":49},"end":{"line":17,"column":88}}},"3":{"name":"(anonymous_3)","decl":{"start":{"line":18,"column":28},"end":{"line":18,"column":29}},"loc":{"start":{"line":18,"column":61},"end":{"line":18,"column":97}}},"4":{"name":"(anonymous_4)","decl":{"start":{"line":19,"column":41},"end":{"line":19,"column":42}},"loc":{"start":{"line":19,"column":74},"end":{"line":19,"column":116}}},"5":{"name":"(anonymous_5)","decl":{"start":{"line":20,"column":16},"end":{"line":20,"column":21}},"loc":{"start":{"line":20,"column":54},"end":{"line":28,"column":1}}}},"branchMap":{},"s":{"0":0,"1":0,"2":0,"3":0,"4":0,"5":0,"6":0,"7":0,"8":0,"9":0,"10":0,"11":0,"12":0,"13":0,"14":0,"15":0,"16":0,"17":0,"18":0,"19":0,"20":0,"21":0,"22":0,"23":0,"24":0,"25":0,"26":0},"f":{"0":0,"1":0,"2":0,"3":0,"4":0,"5":0},"b":{}}
,"/home/felipe/bigtrade/felipe_user_crud_aws/src/01-presentation/routes/express.route-book.ts": {"path":"/home/felipe/bigtrade/felipe_user_crud_aws/src/01-presentation/routes/express.route-book.ts","statementMap":{"0":{"start":{"line":1,"column":0},"end":{"line":1,"column":52}},"1":{"start":{"line":2,"column":0},"end":{"line":2,"column":80}},"2":{"start":{"line":3,"column":0},"end":{"line":3,"column":67}},"3":{"start":{"line":4,"column":0},"end":{"line":4,"column":59}},"4":{"start":{"line":5,"column":0},"end":{"line":5,"column":55}},"5":{"start":{"line":7,"column":15},"end":{"line":7,"column":23}},"6":{"start":{"line":8,"column":19},"end":{"line":8,"column":37}},"7":{"start":{"line":9,"column":20},"end":{"line":9,"column":59}},"8":{"start":{"line":10,"column":19},"end":{"line":10,"column":59}},"9":{"start":{"line":11,"column":23},"end":{"line":11,"column":67}},"10":{"start":{"line":14,"column":0},"end":{"line":14,"column":86}},"11":{"start":{"line":14,"column":49},"end":{"line":14,"column":84}},"12":{"start":{"line":15,"column":0},"end":{"line":15,"column":95}},"13":{"start":{"line":15,"column":61},"end":{"line":15,"column":93}},"14":{"start":{"line":16,"column":0},"end":{"line":16,"column":101}},"15":{"start":{"line":16,"column":65},"end":{"line":16,"column":99}},"16":{"start":{"line":17,"column":0},"end":{"line":17,"column":100}},"17":{"start":{"line":17,"column":63},"end":{"line":17,"column":98}},"18":{"start":{"line":19,"column":0},"end":{"line":19,"column":22}}},"fnMap":{"0":{"name":"(anonymous_0)","decl":{"start":{"line":14,"column":16},"end":{"line":14,"column":17}},"loc":{"start":{"line":14,"column":49},"end":{"line":14,"column":84}}},"1":{"name":"(anonymous_1)","decl":{"start":{"line":15,"column":28},"end":{"line":15,"column":29}},"loc":{"start":{"line":15,"column":61},"end":{"line":15,"column":93}}},"2":{"name":"(anonymous_2)","decl":{"start":{"line":16,"column":32},"end":{"line":16,"column":33}},"loc":{"start":{"line":16,"column":65},"end":{"line":16,"column":99}}},"3":{"name":"(anonymous_3)","decl":{"start":{"line":17,"column":30},"end":{"line":17,"column":31}},"loc":{"start":{"line":17,"column":63},"end":{"line":17,"column":98}}}},"branchMap":{},"s":{"0":0,"1":0,"2":0,"3":0,"4":0,"5":0,"6":0,"7":0,"8":0,"9":0,"10":0,"11":0,"12":0,"13":0,"14":0,"15":0,"16":0,"17":0,"18":0},"f":{"0":0,"1":0,"2":0,"3":0},"b":{}}
,"/home/felipe/bigtrade/felipe_user_crud_aws/src/02-services/authCognito.service.ts": {"path":"/home/felipe/bigtrade/felipe_user_crud_aws/src/02-services/authCognito.service.ts","statementMap":{"0":{"start":{"line":2,"column":0},"end":{"line":2,"column":58}},"1":{"start":{"line":3,"column":0},"end":{"line":3,"column":34}},"2":{"start":{"line":14,"column":4},"end":{"line":14,"column":43}},"3":{"start":{"line":15,"column":4},"end":{"line":15,"column":33}},"4":{"start":{"line":16,"column":4},"end":{"line":16,"column":42}},"5":{"start":{"line":20,"column":4},"end":{"line":48,"column":5}},"6":{"start":{"line":21,"column":26},"end":{"line":21,"column":78}},"7":{"start":{"line":22,"column":6},"end":{"line":27,"column":7}},"8":{"start":{"line":23,"column":8},"end":{"line":26,"column":10}},"9":{"start":{"line":28,"column":24},"end":{"line":28,"column":40}},"10":{"start":{"line":29,"column":27},"end":{"line":29,"column":31}},"11":{"start":{"line":30,"column":24},"end":{"line":30,"column":65}},"12":{"start":{"line":31,"column":6},"end":{"line":36,"column":7}},"13":{"start":{"line":32,"column":8},"end":{"line":35,"column":null}},"14":{"start":{"line":38,"column":6},"end":{"line":41,"column":null}},"15":{"start":{"line":44,"column":6},"end":{"line":47,"column":null}},"16":{"start":{"line":54,"column":4},"end":{"line":74,"column":3}},"17":{"start":{"line":55,"column":21},"end":{"line":58,"column":6}},"18":{"start":{"line":59,"column":6},"end":{"line":62,"column":8}},"19":{"start":{"line":64,"column":6},"end":{"line":69,"column":7}},"20":{"start":{"line":65,"column":8},"end":{"line":68,"column":10}},"21":{"start":{"line":70,"column":6},"end":{"line":73,"column":8}},"22":{"start":{"line":77,"column":2},"end":{"line":101,"column":3}},"23":{"start":{"line":78,"column":19},"end":{"line":78,"column":52}},"24":{"start":{"line":80,"column":3},"end":{"line":85,"column":4}},"25":{"start":{"line":81,"column":4},"end":{"line":84,"column":6}},"26":{"start":{"line":86,"column":20},"end":{"line":86,"column":42}},"27":{"start":{"line":87,"column":19},"end":{"line":87,"column":29}},"28":{"start":{"line":88,"column":18},"end":{"line":88,"column":74}},"29":{"start":{"line":88,"column":45},"end":{"line":88,"column":73}},"30":{"start":{"line":89,"column":18},"end":{"line":89,"column":31}},"31":{"start":{"line":90,"column":16},"end":{"line":90,"column":34}},"32":{"start":{"line":91,"column":3},"end":{"line":94,"column":5}},"33":{"start":{"line":97,"column":3},"end":{"line":100,"column":5}},"34":{"start":{"line":108,"column":4},"end":{"line":127,"column":5}},"35":{"start":{"line":109,"column":21},"end":{"line":110,"column":null}},"36":{"start":{"line":112,"column":6},"end":{"line":117,"column":7}},"37":{"start":{"line":113,"column":8},"end":{"line":116,"column":10}},"38":{"start":{"line":118,"column":27},"end":{"line":118,"column":38}},"39":{"start":{"line":119,"column":26},"end":{"line":119,"column":76}},"40":{"start":{"line":120,"column":18},"end":{"line":120,"column":114}},"41":{"start":{"line":121,"column":6},"end":{"line":121,"column":77}},"42":{"start":{"line":123,"column":6},"end":{"line":126,"column":8}},"43":{"start":{"line":131,"column":20},"end":{"line":131,"column":58}},"44":{"start":{"line":132,"column":20},"end":{"line":132,"column":40}},"45":{"start":{"line":133,"column":21},"end":{"line":134,"column":null}},"46":{"start":{"line":136,"column":4},"end":{"line":136,"column":20}},"47":{"start":{"line":9,"column":0},"end":{"line":9,"column":13}}},"fnMap":{"0":{"name":"(anonymous_1)","decl":{"start":{"line":13,"column":1},"end":{"line":13,"column":13}},"loc":{"start":{"line":13,"column":111},"end":{"line":17,"column":3}}},"1":{"name":"(anonymous_2)","decl":{"start":{"line":19,"column":9},"end":{"line":19,"column":14}},"loc":{"start":{"line":19,"column":36},"end":{"line":49,"column":2}}},"2":{"name":"(anonymous_3)","decl":{"start":{"line":53,"column":8},"end":{"line":53,"column":13}},"loc":{"start":{"line":53,"column":59},"end":{"line":75,"column":3}}},"3":{"name":"(anonymous_4)","decl":{"start":{"line":76,"column":9},"end":{"line":76,"column":14}},"loc":{"start":{"line":76,"column":48},"end":{"line":102,"column":2}}},"4":{"name":"(anonymous_5)","decl":{"start":{"line":88,"column":33},"end":{"line":88,"column":34}},"loc":{"start":{"line":88,"column":45},"end":{"line":88,"column":73}}},"5":{"name":"(anonymous_6)","decl":{"start":{"line":105,"column":9},"end":{"line":105,"column":14}},"loc":{"start":{"line":106,"column":23},"end":{"line":128,"column":3}}},"6":{"name":"(anonymous_7)","decl":{"start":{"line":130,"column":9},"end":{"line":130,"column":14}},"loc":{"start":{"line":130,"column":24},"end":{"line":137,"column":3}}}},"branchMap":{"0":{"loc":{"start":{"line":22,"column":6},"end":{"line":27,"column":7}},"type":"if","locations":[{"start":{"line":22,"column":6},"end":{"line":27,"column":7}}]},"1":{"loc":{"start":{"line":31,"column":6},"end":{"line":36,"column":7}},"type":"if","locations":[{"start":{"line":31,"column":6},"end":{"line":36,"column":7}}]},"2":{"loc":{"start":{"line":64,"column":6},"end":{"line":69,"column":7}},"type":"if","locations":[{"start":{"line":64,"column":6},"end":{"line":69,"column":7}}]},"3":{"loc":{"start":{"line":80,"column":3},"end":{"line":85,"column":4}},"type":"if","locations":[{"start":{"line":80,"column":3},"end":{"line":85,"column":4}}]},"4":{"loc":{"start":{"line":112,"column":6},"end":{"line":117,"column":7}},"type":"if","locations":[{"start":{"line":112,"column":6},"end":{"line":117,"column":7}}]}},"s":{"0":0,"1":0,"2":0,"3":0,"4":0,"5":0,"6":0,"7":0,"8":0,"9":0,"10":0,"11":0,"12":0,"13":0,"14":0,"15":0,"16":0,"17":0,"18":0,"19":0,"20":0,"21":0,"22":0,"23":0,"24":0,"25":0,"26":0,"27":0,"28":0,"29":0,"30":0,"31":0,"32":0,"33":0,"34":0,"35":0,"36":0,"37":0,"38":0,"39":0,"40":0,"41":0,"42":0,"43":0,"44":0,"45":0,"46":0,"47":0},"f":{"0":0,"1":0,"2":0,"3":0,"4":0,"5":0,"6":0},"b":{"0":[0],"1":[0],"2":[0],"3":[0],"4":[0]}}
,"/home/felipe/bigtrade/felipe_user_crud_aws/src/02-services/book.service.ts": {"path":"/home/felipe/bigtrade/felipe_user_crud_aws/src/02-services/book.service.ts","statementMap":{"0":{"start":{"line":3,"column":0},"end":{"line":3,"column":62}},"1":{"start":{"line":8,"column":0},"end":{"line":8,"column":61}},"2":{"start":{"line":9,"column":0},"end":{"line":9,"column":60}},"3":{"start":{"line":15,"column":4},"end":{"line":15,"column":25}},"4":{"start":{"line":16,"column":4},"end":{"line":16,"column":33}},"5":{"start":{"line":19,"column":4},"end":{"line":51,"column":5}},"6":{"start":{"line":20,"column":23},"end":{"line":20,"column":70}},"7":{"start":{"line":21,"column":6},"end":{"line":26,"column":7}},"8":{"start":{"line":22,"column":8},"end":{"line":25,"column":null}},"9":{"start":{"line":27,"column":20},"end":{"line":27,"column":56}},"10":{"start":{"line":28,"column":24},"end":{"line":30,"column":null}},"11":{"start":{"line":32,"column":20},"end":{"line":32,"column":60}},"12":{"start":{"line":33,"column":27},"end":{"line":33,"column":47}},"13":{"start":{"line":34,"column":29},"end":{"line":34,"column":73}},"14":{"start":{"line":35,"column":6},"end":{"line":40,"column":7}},"15":{"start":{"line":36,"column":8},"end":{"line":39,"column":null}},"16":{"start":{"line":41,"column":6},"end":{"line":41,"column":46}},"17":{"start":{"line":42,"column":6},"end":{"line":45,"column":null}},"18":{"start":{"line":47,"column":6},"end":{"line":50,"column":null}},"19":{"start":{"line":54,"column":4},"end":{"line":78,"column":5}},"20":{"start":{"line":55,"column":19},"end":{"line":55,"column":34}},"21":{"start":{"line":56,"column":49},"end":{"line":61,"column":8}},"22":{"start":{"line":62,"column":24},"end":{"line":62,"column":55}},"23":{"start":{"line":63,"column":6},"end":{"line":68,"column":7}},"24":{"start":{"line":64,"column":8},"end":{"line":67,"column":null}},"25":{"start":{"line":69,"column":6},"end":{"line":72,"column":8}},"26":{"start":{"line":74,"column":6},"end":{"line":77,"column":null}},"27":{"start":{"line":81,"column":4},"end":{"line":107,"column":5}},"28":{"start":{"line":82,"column":56},"end":{"line":95,"column":null}},"29":{"start":{"line":97,"column":6},"end":{"line":97,"column":49}},"30":{"start":{"line":98,"column":6},"end":{"line":101,"column":null}},"31":{"start":{"line":103,"column":6},"end":{"line":106,"column":8}},"32":{"start":{"line":110,"column":4},"end":{"line":135,"column":5}},"33":{"start":{"line":111,"column":19},"end":{"line":111,"column":35}},"34":{"start":{"line":112,"column":49},"end":{"line":118,"column":8}},"35":{"start":{"line":119,"column":24},"end":{"line":119,"column":55}},"36":{"start":{"line":120,"column":6},"end":{"line":125,"column":7}},"37":{"start":{"line":121,"column":8},"end":{"line":124,"column":null}},"38":{"start":{"line":126,"column":6},"end":{"line":129,"column":8}},"39":{"start":{"line":131,"column":6},"end":{"line":134,"column":null}},"40":{"start":{"line":11,"column":0},"end":{"line":11,"column":13}}},"fnMap":{"0":{"name":"(anonymous_0)","decl":{"start":{"line":14,"column":2},"end":{"line":14,"column":21}},"loc":{"start":{"line":14,"column":73},"end":{"line":17,"column":3}}},"1":{"name":"(anonymous_1)","decl":{"start":{"line":18,"column":2},"end":{"line":18,"column":7}},"loc":{"start":{"line":18,"column":39},"end":{"line":52,"column":3}}},"2":{"name":"(anonymous_2)","decl":{"start":{"line":53,"column":2},"end":{"line":53,"column":7}},"loc":{"start":{"line":53,"column":26},"end":{"line":79,"column":3}}},"3":{"name":"(anonymous_3)","decl":{"start":{"line":80,"column":2},"end":{"line":80,"column":7}},"loc":{"start":{"line":80,"column":38},"end":{"line":108,"column":3}}},"4":{"name":"(anonymous_4)","decl":{"start":{"line":109,"column":2},"end":{"line":109,"column":7}},"loc":{"start":{"line":109,"column":30},"end":{"line":136,"column":3}}}},"branchMap":{"0":{"loc":{"start":{"line":21,"column":6},"end":{"line":26,"column":7}},"type":"if","locations":[{"start":{"line":21,"column":6},"end":{"line":26,"column":7}}]},"1":{"loc":{"start":{"line":35,"column":6},"end":{"line":40,"column":7}},"type":"if","locations":[{"start":{"line":35,"column":6},"end":{"line":40,"column":7}}]},"2":{"loc":{"start":{"line":63,"column":6},"end":{"line":68,"column":7}},"type":"if","locations":[{"start":{"line":63,"column":6},"end":{"line":68,"column":7}}]},"3":{"loc":{"start":{"line":120,"column":6},"end":{"line":125,"column":7}},"type":"if","locations":[{"start":{"line":120,"column":6},"end":{"line":125,"column":7}}]}},"s":{"0":0,"1":0,"2":0,"3":0,"4":0,"5":0,"6":0,"7":0,"8":0,"9":0,"10":0,"11":0,"12":0,"13":0,"14":0,"15":0,"16":0,"17":0,"18":0,"19":0,"20":0,"21":0,"22":0,"23":0,"24":0,"25":0,"26":0,"27":0,"28":0,"29":0,"30":0,"31":0,"32":0,"33":0,"34":0,"35":0,"36":0,"37":0,"38":0,"39":0,"40":0},"f":{"0":0,"1":0,"2":0,"3":0,"4":0},"b":{"0":[0],"1":[0],"2":[0],"3":[0]}}
,"/home/felipe/bigtrade/felipe_user_crud_aws/src/02-services/user.service.ts": {"path":"/home/felipe/bigtrade/felipe_user_crud_aws/src/02-services/user.service.ts","statementMap":{"0":{"start":{"line":6,"column":0},"end":{"line":6,"column":52}},"1":{"start":{"line":7,"column":0},"end":{"line":7,"column":65}},"2":{"start":{"line":8,"column":0},"end":{"line":8,"column":65}},"3":{"start":{"line":10,"column":0},"end":{"line":10,"column":61}},"4":{"start":{"line":11,"column":0},"end":{"line":11,"column":61}},"5":{"start":{"line":17,"column":4},"end":{"line":17,"column":24}},"6":{"start":{"line":18,"column":4},"end":{"line":18,"column":22}},"7":{"start":{"line":21,"column":4},"end":{"line":34,"column":5}},"8":{"start":{"line":22,"column":22},"end":{"line":22,"column":54}},"9":{"start":{"line":23,"column":28},"end":{"line":23,"column":50}},"10":{"start":{"line":24,"column":6},"end":{"line":24,"column":47}},"11":{"start":{"line":25,"column":6},"end":{"line":28,"column":null}},"12":{"start":{"line":30,"column":6},"end":{"line":33,"column":null}},"13":{"start":{"line":37,"column":4},"end":{"line":61,"column":7}},"14":{"start":{"line":38,"column":19},"end":{"line":38,"column":36}},"15":{"start":{"line":39,"column":49},"end":{"line":44,"column":8}},"16":{"start":{"line":45,"column":24},"end":{"line":45,"column":55}},"17":{"start":{"line":46,"column":6},"end":{"line":51,"column":7}},"18":{"start":{"line":47,"column":8},"end":{"line":50,"column":null}},"19":{"start":{"line":52,"column":6},"end":{"line":55,"column":null}},"20":{"start":{"line":57,"column":8},"end":{"line":60,"column":null}},"21":{"start":{"line":64,"column":4},"end":{"line":89,"column":5}},"22":{"start":{"line":65,"column":18},"end":{"line":65,"column":44}},"23":{"start":{"line":66,"column":49},"end":{"line":72,"column":8}},"24":{"start":{"line":73,"column":24},"end":{"line":73,"column":55}},"25":{"start":{"line":74,"column":6},"end":{"line":79,"column":7}},"26":{"start":{"line":75,"column":8},"end":{"line":78,"column":null}},"27":{"start":{"line":80,"column":6},"end":{"line":83,"column":null}},"28":{"start":{"line":85,"column":6},"end":{"line":88,"column":null}},"29":{"start":{"line":92,"column":4},"end":{"line":117,"column":5}},"30":{"start":{"line":93,"column":56},"end":{"line":106,"column":null}},"31":{"start":{"line":107,"column":6},"end":{"line":107,"column":49}},"32":{"start":{"line":108,"column":6},"end":{"line":111,"column":8}},"33":{"start":{"line":113,"column":6},"end":{"line":116,"column":null}},"34":{"start":{"line":120,"column":20},"end":{"line":120,"column":46}},"35":{"start":{"line":121,"column":4},"end":{"line":126,"column":5}},"36":{"start":{"line":122,"column":6},"end":{"line":125,"column":null}},"37":{"start":{"line":127,"column":18},"end":{"line":127,"column":50}},"38":{"start":{"line":128,"column":4},"end":{"line":133,"column":5}},"39":{"start":{"line":129,"column":6},"end":{"line":132,"column":null}},"40":{"start":{"line":134,"column":26},"end":{"line":134,"column":81}},"41":{"start":{"line":135,"column":4},"end":{"line":137,"column":5}},"42":{"start":{"line":136,"column":6},"end":{"line":136,"column":27}},"43":{"start":{"line":138,"column":4},"end":{"line":150,"column":5}},"44":{"start":{"line":139,"column":6},"end":{"line":139,"column":null}},"45":{"start":{"line":140,"column":6},"end":{"line":143,"column":8}},"46":{"start":{"line":145,"column":6},"end":{"line":145,"column":66}},"47":{"start":{"line":146,"column":6},"end":{"line":149,"column":null}},"48":{"start":{"line":153,"column":20},"end":{"line":153,"column":46}},"49":{"start":{"line":154,"column":4},"end":{"line":159,"column":5}},"50":{"start":{"line":155,"column":6},"end":{"line":158,"column":null}},"51":{"start":{"line":160,"column":18},"end":{"line":160,"column":50}},"52":{"start":{"line":161,"column":4},"end":{"line":166,"column":5}},"53":{"start":{"line":162,"column":6},"end":{"line":165,"column":null}},"54":{"start":{"line":167,"column":26},"end":{"line":167,"column":92}},"55":{"start":{"line":168,"column":4},"end":{"line":170,"column":5}},"56":{"start":{"line":169,"column":6},"end":{"line":169,"column":27}},"57":{"start":{"line":171,"column":4},"end":{"line":183,"column":5}},"58":{"start":{"line":172,"column":6},"end":{"line":172,"column":64}},"59":{"start":{"line":173,"column":6},"end":{"line":176,"column":null}},"60":{"start":{"line":178,"column":6},"end":{"line":178,"column":68}},"61":{"start":{"line":179,"column":6},"end":{"line":182,"column":null}},"62":{"start":{"line":186,"column":4},"end":{"line":191,"column":5}},"63":{"start":{"line":187,"column":6},"end":{"line":190,"column":null}},"64":{"start":{"line":192,"column":4},"end":{"line":197,"column":5}},"65":{"start":{"line":193,"column":6},"end":{"line":196,"column":null}},"66":{"start":{"line":198,"column":4},"end":{"line":201,"column":6}},"67":{"start":{"line":205,"column":4},"end":{"line":210,"column":5}},"68":{"start":{"line":206,"column":6},"end":{"line":209,"column":null}},"69":{"start":{"line":211,"column":4},"end":{"line":216,"column":5}},"70":{"start":{"line":212,"column":6},"end":{"line":215,"column":null}},"71":{"start":{"line":217,"column":4},"end":{"line":220,"column":6}},"72":{"start":{"line":223,"column":4},"end":{"line":252,"column":5}},"73":{"start":{"line":224,"column":22},"end":{"line":224,"column":59}},"74":{"start":{"line":225,"column":20},"end":{"line":225,"column":57}},"75":{"start":{"line":226,"column":6},"end":{"line":226,"column":30}},"76":{"start":{"line":227,"column":6},"end":{"line":227,"column":32}},"77":{"start":{"line":228,"column":32},"end":{"line":228,"column":54}},"78":{"start":{"line":229,"column":30},"end":{"line":229,"column":50}},"79":{"start":{"line":230,"column":18},"end":{"line":230,"column":59}},"80":{"start":{"line":231,"column":6},"end":{"line":235,"column":9}},"81":{"start":{"line":236,"column":6},"end":{"line":240,"column":9}},"82":{"start":{"line":241,"column":6},"end":{"line":244,"column":8}},"83":{"start":{"line":247,"column":6},"end":{"line":247,"column":108}},"84":{"start":{"line":248,"column":6},"end":{"line":251,"column":null}},"85":{"start":{"line":255,"column":4},"end":{"line":283,"column":5}},"86":{"start":{"line":256,"column":22},"end":{"line":256,"column":59}},"87":{"start":{"line":257,"column":20},"end":{"line":257,"column":57}},"88":{"start":{"line":258,"column":6},"end":{"line":258,"column":33}},"89":{"start":{"line":259,"column":6},"end":{"line":259,"column":35}},"90":{"start":{"line":260,"column":32},"end":{"line":260,"column":54}},"91":{"start":{"line":261,"column":30},"end":{"line":261,"column":50}},"92":{"start":{"line":262,"column":18},"end":{"line":262,"column":59}},"93":{"start":{"line":263,"column":6},"end":{"line":267,"column":9}},"94":{"start":{"line":268,"column":6},"end":{"line":272,"column":9}},"95":{"start":{"line":273,"column":6},"end":{"line":276,"column":8}},"96":{"start":{"line":279,"column":6},"end":{"line":282,"column":null}},"97":{"start":{"line":13,"column":0},"end":{"line":13,"column":13}}},"fnMap":{"0":{"name":"(anonymous_0)","decl":{"start":{"line":16,"column":2},"end":{"line":16,"column":21}},"loc":{"start":{"line":16,"column":76},"end":{"line":19,"column":3}}},"1":{"name":"(anonymous_1)","decl":{"start":{"line":20,"column":2},"end":{"line":20,"column":7}},"loc":{"start":{"line":20,"column":39},"end":{"line":35,"column":3}}},"2":{"name":"(anonymous_2)","decl":{"start":{"line":36,"column":2},"end":{"line":36,"column":7}},"loc":{"start":{"line":36,"column":26},"end":{"line":62,"column":3}}},"3":{"name":"(anonymous_3)","decl":{"start":{"line":63,"column":2},"end":{"line":63,"column":7}},"loc":{"start":{"line":63,"column":39},"end":{"line":90,"column":3}}},"4":{"name":"(anonymous_4)","decl":{"start":{"line":91,"column":2},"end":{"line":91,"column":7}},"loc":{"start":{"line":91,"column":37},"end":{"line":118,"column":3}}},"5":{"name":"(anonymous_5)","decl":{"start":{"line":119,"column":2},"end":{"line":119,"column":7}},"loc":{"start":{"line":119,"column":47},"end":{"line":151,"column":3}}},"6":{"name":"(anonymous_6)","decl":{"start":{"line":152,"column":2},"end":{"line":152,"column":7}},"loc":{"start":{"line":152,"column":48},"end":{"line":184,"column":3}}},"7":{"name":"(anonymous_7)","decl":{"start":{"line":185,"column":9},"end":{"line":185,"column":25}},"loc":{"start":{"line":185,"column":72},"end":{"line":202,"column":3}}},"8":{"name":"(anonymous_8)","decl":{"start":{"line":204,"column":9},"end":{"line":204,"column":28}},"loc":{"start":{"line":204,"column":91},"end":{"line":221,"column":3}}},"9":{"name":"(anonymous_9)","decl":{"start":{"line":222,"column":2},"end":{"line":222,"column":7}},"loc":{"start":{"line":222,"column":56},"end":{"line":253,"column":3}}},"10":{"name":"(anonymous_10)","decl":{"start":{"line":254,"column":2},"end":{"line":254,"column":7}},"loc":{"start":{"line":254,"column":59},"end":{"line":284,"column":3}}}},"branchMap":{"0":{"loc":{"start":{"line":46,"column":6},"end":{"line":51,"column":7}},"type":"if","locations":[{"start":{"line":46,"column":6},"end":{"line":51,"column":7}}]},"1":{"loc":{"start":{"line":74,"column":6},"end":{"line":79,"column":7}},"type":"if","locations":[{"start":{"line":74,"column":6},"end":{"line":79,"column":7}}]},"2":{"loc":{"start":{"line":121,"column":4},"end":{"line":126,"column":5}},"type":"if","locations":[{"start":{"line":121,"column":4},"end":{"line":126,"column":5}}]},"3":{"loc":{"start":{"line":128,"column":4},"end":{"line":133,"column":5}},"type":"if","locations":[{"start":{"line":128,"column":4},"end":{"line":133,"column":5}}]},"4":{"loc":{"start":{"line":135,"column":4},"end":{"line":137,"column":5}},"type":"if","locations":[{"start":{"line":135,"column":4},"end":{"line":137,"column":5}}]},"5":{"loc":{"start":{"line":154,"column":4},"end":{"line":159,"column":5}},"type":"if","locations":[{"start":{"line":154,"column":4},"end":{"line":159,"column":5}}]},"6":{"loc":{"start":{"line":161,"column":4},"end":{"line":166,"column":5}},"type":"if","locations":[{"start":{"line":161,"column":4},"end":{"line":166,"column":5}}]},"7":{"loc":{"start":{"line":168,"column":4},"end":{"line":170,"column":5}},"type":"if","locations":[{"start":{"line":168,"column":4},"end":{"line":170,"column":5}}]},"8":{"loc":{"start":{"line":186,"column":4},"end":{"line":191,"column":5}},"type":"if","locations":[{"start":{"line":186,"column":4},"end":{"line":191,"column":5}}]},"9":{"loc":{"start":{"line":192,"column":4},"end":{"line":197,"column":5}},"type":"if","locations":[{"start":{"line":192,"column":4},"end":{"line":197,"column":5}}]},"10":{"loc":{"start":{"line":205,"column":4},"end":{"line":210,"column":5}},"type":"if","locations":[{"start":{"line":205,"column":4},"end":{"line":210,"column":5}}]},"11":{"loc":{"start":{"line":211,"column":4},"end":{"line":216,"column":5}},"type":"if","locations":[{"start":{"line":211,"column":4},"end":{"line":216,"column":5}}]}},"s":{"0":0,"1":0,"2":0,"3":0,"4":0,"5":0,"6":0,"7":0,"8":0,"9":0,"10":0,"11":0,"12":0,"13":0,"14":0,"15":0,"16":0,"17":0,"18":0,"19":0,"20":0,"21":0,"22":0,"23":0,"24":0,"25":0,"26":0,"27":0,"28":0,"29":0,"30":0,"31":0,"32":0,"33":0,"34":0,"35":0,"36":0,"37":0,"38":0,"39":0,"40":0,"41":0,"42":0,"43":0,"44":0,"45":0,"46":0,"47":0,"48":0,"49":0,"50":0,"51":0,"52":0,"53":0,"54":0,"55":0,"56":0,"57":0,"58":0,"59":0,"60":0,"61":0,"62":0,"63":0,"64":0,"65":0,"66":0,"67":0,"68":0,"69":0,"70":0,"71":0,"72":0,"73":0,"74":0,"75":0,"76":0,"77":0,"78":0,"79":0,"80":0,"81":0,"82":0,"83":0,"84":0,"85":0,"86":0,"87":0,"88":0,"89":0,"90":0,"91":0,"92":0,"93":0,"94":0,"95":0,"96":0,"97":0},"f":{"0":0,"1":0,"2":0,"3":0,"4":0,"5":0,"6":0,"7":0,"8":0,"9":0,"10":0},"b":{"0":[0],"1":[0],"2":[0],"3":[0],"4":[0],"5":[0],"6":[0],"7":[0],"8":[0],"9":[0],"10":[0],"11":[0]}}
,"/home/felipe/bigtrade/felipe_user_crud_aws/src/02-services/userCognito.service.ts": {"path":"/home/felipe/bigtrade/felipe_user_crud_aws/src/02-services/userCognito.service.ts","statementMap":{"0":{"start":{"line":10,"column":4},"end":{"line":10,"column":43}},"1":{"start":{"line":14,"column":6},"end":{"line":32,"column":7}},"2":{"start":{"line":15,"column":32},"end":{"line":15,"column":65}},"3":{"start":{"line":16,"column":8},"end":{"line":21,"column":9}},"4":{"start":{"line":17,"column":10},"end":{"line":20,"column":12}},"5":{"start":{"line":22,"column":8},"end":{"line":22,"column":null}},"6":{"start":{"line":23,"column":8},"end":{"line":26,"column":10}},"7":{"start":{"line":28,"column":8},"end":{"line":31,"column":10}},"8":{"start":{"line":38,"column":2},"end":{"line":56,"column":3}},"9":{"start":{"line":39,"column":17},"end":{"line":39,"column":66}},"10":{"start":{"line":41,"column":4},"end":{"line":46,"column":5}},"11":{"start":{"line":42,"column":6},"end":{"line":45,"column":8}},"12":{"start":{"line":47,"column":4},"end":{"line":50,"column":6}},"13":{"start":{"line":52,"column":4},"end":{"line":55,"column":6}},"14":{"start":{"line":7,"column":0},"end":{"line":7,"column":13}}},"fnMap":{"0":{"name":"(anonymous_0)","decl":{"start":{"line":9,"column":2},"end":{"line":9,"column":14}},"loc":{"start":{"line":9,"column":46},"end":{"line":11,"column":3}}},"1":{"name":"(anonymous_1)","decl":{"start":{"line":13,"column":9},"end":{"line":13,"column":14}},"loc":{"start":{"line":13,"column":51},"end":{"line":33,"column":3}}},"2":{"name":"(anonymous_2)","decl":{"start":{"line":37,"column":7},"end":{"line":37,"column":12}},"loc":{"start":{"line":37,"column":37},"end":{"line":57,"column":1}}}},"branchMap":{"0":{"loc":{"start":{"line":16,"column":8},"end":{"line":21,"column":9}},"type":"if","locations":[{"start":{"line":16,"column":8},"end":{"line":21,"column":9}}]},"1":{"loc":{"start":{"line":41,"column":4},"end":{"line":46,"column":5}},"type":"if","locations":[{"start":{"line":41,"column":4},"end":{"line":46,"column":5}}]}},"s":{"0":0,"1":0,"2":0,"3":0,"4":0,"5":0,"6":0,"7":0,"8":0,"9":0,"10":0,"11":0,"12":0,"13":0,"14":0},"f":{"0":0,"1":0,"2":0},"b":{"0":[0],"1":[0]}}
,"/home/felipe/bigtrade/felipe_user_crud_aws/src/02-services/utils/apiBook.ts": {"path":"/home/felipe/bigtrade/felipe_user_crud_aws/src/02-services/utils/apiBook.ts","statementMap":{"0":{"start":{"line":8,"column":0},"end":{"line":8,"column":7}},"1":{"start":{"line":9,"column":2},"end":{"line":46,"column":3}},"2":{"start":{"line":10,"column":24},"end":{"line":10,"column":47}},"3":{"start":{"line":11,"column":26},"end":{"line":11,"column":51}},"4":{"start":{"line":12,"column":21},"end":{"line":12,"column":60}},"5":{"start":{"line":13,"column":23},"end":{"line":13,"column":44}},"6":{"start":{"line":14,"column":20},"end":{"line":16,"column":22}},"7":{"start":{"line":15,"column":6},"end":{"line":15,"column":25}},"8":{"start":{"line":17,"column":20},"end":{"line":17,"column":58}},"9":{"start":{"line":18,"column":20},"end":{"line":18,"column":58}},"10":{"start":{"line":19,"column":4},"end":{"line":19,"column":26}},"11":{"start":{"line":20,"column":17},"end":{"line":20,"column":29}},"12":{"start":{"line":21,"column":4},"end":{"line":26,"column":5}},"13":{"start":{"line":22,"column":6},"end":{"line":25,"column":8}},"14":{"start":{"line":27,"column":4},"end":{"line":30,"column":6}},"15":{"start":{"line":32,"column":4},"end":{"line":39,"column":5}},"16":{"start":{"line":33,"column":6},"end":{"line":38,"column":8}},"17":{"start":{"line":40,"column":4},"end":{"line":45,"column":6}}},"fnMap":{"0":{"name":"apiBookRequest","decl":{"start":{"line":8,"column":22},"end":{"line":8,"column":36}},"loc":{"start":{"line":8,"column":71},"end":{"line":47,"column":1}}},"1":{"name":"(anonymous_1)","decl":{"start":{"line":14,"column":31},"end":{"line":14,"column":34}},"loc":{"start":{"line":14,"column":36},"end":{"line":16,"column":5}}}},"branchMap":{"0":{"loc":{"start":{"line":21,"column":4},"end":{"line":26,"column":5}},"type":"if","locations":[{"start":{"line":21,"column":4},"end":{"line":26,"column":5}}]},"1":{"loc":{"start":{"line":32,"column":4},"end":{"line":39,"column":5}},"type":"if","locations":[{"start":{"line":32,"column":4},"end":{"line":39,"column":5}}]}},"s":{"0":0,"1":0,"2":0,"3":0,"4":0,"5":0,"6":0,"7":0,"8":0,"9":0,"10":0,"11":0,"12":0,"13":0,"14":0,"15":0,"16":0,"17":0},"f":{"0":0,"1":0},"b":{"0":[0],"1":[0]}}
,"/home/felipe/bigtrade/felipe_user_crud_aws/src/02-services/utils/role-verification.ts": {"path":"/home/felipe/bigtrade/felipe_user_crud_aws/src/02-services/utils/role-verification.ts","statementMap":{"0":{"start":{"line":4,"column":40},"end":{"line":10,"column":1}},"1":{"start":{"line":6,"column":19},"end":{"line":7,"column":null}},"2":{"start":{"line":7,"column":33},"end":{"line":7,"column":50}},"3":{"start":{"line":9,"column":2},"end":{"line":9,"column":18}},"4":{"start":{"line":4,"column":13},"end":{"line":4,"column":40}}},"fnMap":{"0":{"name":"(anonymous_0)","decl":{"start":{"line":4,"column":40},"end":{"line":4,"column":41}},"loc":{"start":{"line":4,"column":91},"end":{"line":10,"column":1}}},"1":{"name":"(anonymous_1)","decl":{"start":{"line":7,"column":4},"end":{"line":7,"column":5}},"loc":{"start":{"line":7,"column":33},"end":{"line":7,"column":50}}}},"branchMap":{},"s":{"0":0,"1":0,"2":0,"3":0,"4":0},"f":{"0":0,"1":0},"b":{}}
,"/home/felipe/bigtrade/felipe_user_crud_aws/src/03-model/axios-adapter.ts": {"path":"/home/felipe/bigtrade/felipe_user_crud_aws/src/03-model/axios-adapter.ts","statementMap":{"0":{"start":{"line":1,"column":0},"end":{"line":1,"column":45}},"1":{"start":{"line":3,"column":23},"end":{"line":5,"column":2}},"2":{"start":{"line":12,"column":4},"end":{"line":12,"column":39}},"3":{"start":{"line":10,"column":0},"end":{"line":10,"column":13}}},"fnMap":{"0":{"name":"(anonymous_1)","decl":{"start":{"line":11,"column":2},"end":{"line":11,"column":7}},"loc":{"start":{"line":11,"column":49},"end":{"line":13,"column":3}}}},"branchMap":{"0":{"loc":{"start":{"line":11,"column":25},"end":{"line":11,"column":49}},"type":"default-arg","locations":[{"start":{"line":11,"column":35},"end":{"line":11,"column":49}}]}},"s":{"0":0,"1":0,"2":0,"3":0},"f":{"0":0},"b":{"0":[0]}}
,"/home/felipe/bigtrade/felipe_user_crud_aws/src/03-model/bookdefinition.ts": {"path":"/home/felipe/bigtrade/felipe_user_crud_aws/src/03-model/bookdefinition.ts","statementMap":{"0":{"start":{"line":2,"column":0},"end":{"line":2,"column":28}},"1":{"start":{"line":4,"column":0},"end":{"line":4,"column":61}},"2":{"start":{"line":15,"column":4},"end":{"line":15,"column":26}},"3":{"start":{"line":16,"column":4},"end":{"line":16,"column":28}},"4":{"start":{"line":17,"column":4},"end":{"line":17,"column":45}},"5":{"start":{"line":18,"column":4},"end":{"line":18,"column":54}},"6":{"start":{"line":19,"column":4},"end":{"line":19,"column":48}},"7":{"start":{"line":20,"column":4},"end":{"line":20,"column":36}},"8":{"start":{"line":21,"column":4},"end":{"line":21,"column":40}},"9":{"start":{"line":22,"column":4},"end":{"line":22,"column":20}},"10":{"start":{"line":26,"column":4},"end":{"line":26,"column":36}},"11":{"start":{"line":29,"column":18},"end":{"line":29,"column":20}},"12":{"start":{"line":30,"column":4},"end":{"line":32,"column":5}},"13":{"start":{"line":31,"column":6},"end":{"line":31,"column":51}},"14":{"start":{"line":33,"column":4},"end":{"line":35,"column":5}},"15":{"start":{"line":34,"column":6},"end":{"line":34,"column":45}},"16":{"start":{"line":36,"column":4},"end":{"line":38,"column":5}},"17":{"start":{"line":37,"column":6},"end":{"line":37,"column":46}},"18":{"start":{"line":39,"column":4},"end":{"line":41,"column":5}},"19":{"start":{"line":40,"column":6},"end":{"line":40,"column":60}},"20":{"start":{"line":42,"column":4},"end":{"line":44,"column":5}},"21":{"start":{"line":43,"column":6},"end":{"line":43,"column":57}},"22":{"start":{"line":45,"column":4},"end":{"line":47,"column":5}},"23":{"start":{"line":46,"column":6},"end":{"line":46,"column":54}},"24":{"start":{"line":48,"column":4},"end":{"line":50,"column":5}},"25":{"start":{"line":49,"column":6},"end":{"line":49,"column":49}},"26":{"start":{"line":51,"column":4},"end":{"line":53,"column":5}},"27":{"start":{"line":52,"column":6},"end":{"line":52,"column":63}},"28":{"start":{"line":52,"column":37},"end":{"line":52,"column":49}},"29":{"start":{"line":56,"column":4},"end":{"line":60,"column":5}},"30":{"start":{"line":56,"column":33},"end":{"line":56,"column":45}},"31":{"start":{"line":57,"column":6},"end":{"line":57,"column":35}},"32":{"start":{"line":58,"column":6},"end":{"line":58,"column":32}},"33":{"start":{"line":59,"column":6},"end":{"line":59,"column":29}},"34":{"start":{"line":63,"column":18},"end":{"line":63,"column":49}},"35":{"start":{"line":64,"column":4},"end":{"line":68,"column":5}},"36":{"start":{"line":65,"column":6},"end":{"line":65,"column":38}},"37":{"start":{"line":66,"column":6},"end":{"line":66,"column":32}},"38":{"start":{"line":67,"column":6},"end":{"line":67,"column":29}},"39":{"start":{"line":6,"column":0},"end":{"line":6,"column":13}}},"fnMap":{"0":{"name":"(anonymous_1)","decl":{"start":{"line":14,"column":2},"end":{"line":14,"column":14}},"loc":{"start":{"line":14,"column":33},"end":{"line":23,"column":3}}},"1":{"name":"(anonymous_2)","decl":{"start":{"line":25,"column":2},"end":{"line":25,"column":8}},"loc":{"start":{"line":25,"column":40},"end":{"line":27,"column":3}}},"2":{"name":"(anonymous_3)","decl":{"start":{"line":28,"column":10},"end":{"line":28,"column":18}},"loc":{"start":{"line":28,"column":18},"end":{"line":54,"column":3}}},"3":{"name":"(anonymous_4)","decl":{"start":{"line":52,"column":32},"end":{"line":52,"column":33}},"loc":{"start":{"line":52,"column":37},"end":{"line":52,"column":49}}},"4":{"name":"(anonymous_5)","decl":{"start":{"line":55,"column":9},"end":{"line":55,"column":19}},"loc":{"start":{"line":55,"column":40},"end":{"line":61,"column":3}}},"5":{"name":"(anonymous_6)","decl":{"start":{"line":56,"column":28},"end":{"line":56,"column":29}},"loc":{"start":{"line":56,"column":33},"end":{"line":56,"column":45}}},"6":{"name":"(anonymous_7)","decl":{"start":{"line":62,"column":9},"end":{"line":62,"column":22}},"loc":{"start":{"line":62,"column":43},"end":{"line":69,"column":3}}}},"branchMap":{"0":{"loc":{"start":{"line":17,"column":14},"end":{"line":17,"column":44}},"type":"binary-expr","locations":[{"start":{"line":17,"column":14},"end":{"line":17,"column":21}},{"start":{"line":17,"column":25},"end":{"line":17,"column":44}}]},"1":{"loc":{"start":{"line":30,"column":4},"end":{"line":32,"column":5}},"type":"if","locations":[{"start":{"line":30,"column":4},"end":{"line":32,"column":5}}]},"2":{"loc":{"start":{"line":33,"column":4},"end":{"line":35,"column":5}},"type":"if","locations":[{"start":{"line":33,"column":4},"end":{"line":35,"column":5}}]},"3":{"loc":{"start":{"line":33,"column":7},"end":{"line":33,"column":51}},"type":"binary-expr","locations":[{"start":{"line":33,"column":7},"end":{"line":33,"column":27}},{"start":{"line":33,"column":31},"end":{"line":33,"column":51}}]},"4":{"loc":{"start":{"line":36,"column":4},"end":{"line":38,"column":5}},"type":"if","locations":[{"start":{"line":36,"column":4},"end":{"line":38,"column":5}}]},"5":{"loc":{"start":{"line":36,"column":7},"end":{"line":36,"column":53}},"type":"binary-expr","locations":[{"start":{"line":36,"column":7},"end":{"line":36,"column":28}},{"start":{"line":36,"column":32},"end":{"line":36,"column":53}}]},"6":{"loc":{"start":{"line":39,"column":4},"end":{"line":41,"column":5}},"type":"if","locations":[{"start":{"line":39,"column":4},"end":{"line":41,"column":5}}]},"7":{"loc":{"start":{"line":39,"column":7},"end":{"line":39,"column":72}},"type":"binary-expr","locations":[{"start":{"line":39,"column":7},"end":{"line":39,"column":41}},{"start":{"line":39,"column":45},"end":{"line":39,"column":72}}]},"8":{"loc":{"start":{"line":42,"column":4},"end":{"line":44,"column":5}},"type":"if","locations":[{"start":{"line":42,"column":4},"end":{"line":44,"column":5}}]},"9":{"loc":{"start":{"line":42,"column":7},"end":{"line":42,"column":66}},"type":"binary-expr","locations":[{"start":{"line":42,"column":7},"end":{"line":42,"column":38}},{"start":{"line":42,"column":42},"end":{"line":42,"column":66}}]},"10":{"loc":{"start":{"line":45,"column":4},"end":{"line":47,"column":5}},"type":"if","locations":[{"start":{"line":45,"column":4},"end":{"line":47,"column":5}}]},"11":{"loc":{"start":{"line":45,"column":7},"end":{"line":45,"column":102}},"type":"binary-expr","locations":[{"start":{"line":45,"column":7},"end":{"line":45,"column":34}},{"start":{"line":45,"column":39},"end":{"line":45,"column":67}},{"start":{"line":45,"column":71},"end":{"line":45,"column":101}}]},"12":{"loc":{"start":{"line":48,"column":4},"end":{"line":50,"column":5}},"type":"if","locations":[{"start":{"line":48,"column":4},"end":{"line":50,"column":5}}]},"13":{"loc":{"start":{"line":51,"column":4},"end":{"line":53,"column":5}},"type":"if","locations":[{"start":{"line":51,"column":4},"end":{"line":53,"column":5}}]},"14":{"loc":{"start":{"line":56,"column":4},"end":{"line":60,"column":5}},"type":"if","locations":[{"start":{"line":56,"column":4},"end":{"line":60,"column":5}}]},"15":{"loc":{"start":{"line":64,"column":4},"end":{"line":68,"column":5}},"type":"if","locations":[{"start":{"line":64,"column":4},"end":{"line":68,"column":5}}]}},"s":{"0":0,"1":0,"2":0,"3":0,"4":0,"5":0,"6":0,"7":0,"8":0,"9":0,"10":0,"11":0,"12":0,"13":0,"14":0,"15":0,"16":0,"17":0,"18":0,"19":0,"20":0,"21":0,"22":0,"23":0,"24":0,"25":0,"26":0,"27":0,"28":0,"29":0,"30":0,"31":0,"32":0,"33":0,"34":0,"35":0,"36":0,"37":0,"38":0,"39":0},"f":{"0":0,"1":0,"2":0,"3":0,"4":0,"5":0,"6":0},"b":{"0":[0,0],"1":[0],"2":[0],"3":[0,0],"4":[0],"5":[0,0],"6":[0],"7":[0,0],"8":[0],"9":[0,0],"10":[0],"11":[0,0,0],"12":[0],"13":[0],"14":[0],"15":[0]}}
[...]
1,"column":270}},"1":{"start":{"line":4,"column":0},"end":{"line":4,"column":44}},"2":{"start":{"line":6,"column":15},"end":{"line":8,"column":2}},"3":{"start":{"line":13,"column":23},"end":{"line":13,"column":41}},"4":{"start":{"line":13,"column":52},"end":{"line":13,"column":75}},"5":{"start":{"line":11,"column":10},"end":{"line":11,"column":37}},"6":{"start":{"line":18,"column":21},"end":{"line":38,"column":null}},"7":{"start":{"line":40,"column":4},"end":{"line":42,"column":5}},"8":{"start":{"line":41,"column":6},"end":{"line":41,"column":19}},"9":{"start":{"line":44,"column":36},"end":{"line":50,"column":null}},"10":{"start":{"line":53,"column":4},"end":{"line":53,"column":68}},"11":{"start":{"line":57,"column":20},"end":{"line":60,"column":6}},"12":{"start":{"line":62,"column":21},"end":{"line":62,"column":63}},"13":{"start":{"line":63,"column":4},"end":{"line":66,"column":5}},"14":{"start":{"line":64,"column":25},"end":{"line":64,"column":52}},"15":{"start":{"line":65,"column":6},"end":{"line":65,"column":24}},"16":{"start":{"line":67,"column":4},"end":{"line":67,"column":14}},"17":{"start":{"line":74,"column":23},"end":{"line":79,"column":6}},"18":{"start":{"line":80,"column":21},"end":{"line":80,"column":63}},"19":{"start":{"line":81,"column":4},"end":{"line":81,"column":53}},"20":{"start":{"line":10,"column":0},"end":{"line":10,"column":13}}},"fnMap":{"0":{"name":"(anonymous_0)","decl":{"start":{"line":13,"column":2},"end":{"line":13,"column":23}},"loc":{"start":{"line":13,"column":75},"end":{"line":13,"column":80}}},"1":{"name":"(anonymous_1)","decl":{"start":{"line":15,"column":2},"end":{"line":15,"column":7}},"loc":{"start":{"line":15,"column":53},"end":{"line":54,"column":3}}},"2":{"name":"(anonymous_2)","decl":{"start":{"line":56,"column":9},"end":{"line":56,"column":14}},"loc":{"start":{"line":56,"column":44},"end":{"line":68,"column":3}}},"3":{"name":"(anonymous_3)","decl":{"start":{"line":70,"column":2},"end":{"line":70,"column":7}},"loc":{"start":{"line":73,"column":3},"end":{"line":82,"column":3}}}},"branchMap":{"0":{"loc":{"start":{"line":7,"column":10},"end":{"line":7,"column":55}},"type":"cond-expr","locations":[{"start":{"line":7,"column":40},"end":{"line":7,"column":44}},{"start":{"line":7,"column":44},"end":{"line":7,"column":55}}]},"1":{"loc":{"start":{"line":7,"column":10},"end":{"line":7,"column":44}},"type":"binary-expr","locations":[{"start":{"line":7,"column":10},"end":{"line":7,"column":44}},{"start":{"line":7,"column":40},"end":{"line":7,"column":44}}]},"2":{"loc":{"start":{"line":40,"column":4},"end":{"line":42,"column":5}},"type":"if","locations":[{"start":{"line":40,"column":4},"end":{"line":42,"column":5}}]},"3":{"loc":{"start":{"line":63,"column":4},"end":{"line":66,"column":5}},"type":"if","locations":[{"start":{"line":63,"column":4},"end":{"line":66,"column":5}}]},"4":{"loc":{"start":{"line":63,"column":8},"end":{"line":63,"column":51}},"type":"binary-expr","locations":[{"start":{"line":63,"column":8},"end":{"line":63,"column":22}},{"start":{"line":63,"column":26},"end":{"line":63,"column":51}}]}},"s":{"0":0,"1":0,"2":0,"3":0,"4":0,"5":0,"6":0,"7":0,"8":0,"9":0,"10":0,"11":0,"12":0,"13":0,"14":0,"15":0,"16":0,"17":0,"18":0,"19":0,"20":0},"f":{"0":0,"1":0,"2":0,"3":0},"b":{"0":[0,0],"1":[0,0],"2":[0],"3":[0],"4":[0,0]}}
,"/home/felipe/bigtrade/felipe_user_crud_aws/src/04-infrastructure/dynamodb.table.ts": {"path":"/home/felipe/bigtrade/felipe_user_crud_aws/src/04-infrastructure/dynamodb.table.ts","statementMap":{"0":{"start":{"line":1,"column":0},"end":{"line":1,"column":null}},"1":{"start":{"line":9,"column":0},"end":{"line":9,"column":null}},"2":{"start":{"line":20,"column":24},"end":{"line":24,"column":2}},"3":{"start":{"line":26,"column":26},"end":{"line":28,"column":2}},"4":{"start":{"line":30,"column":23},"end":{"line":32,"column":2}},"5":{"start":{"line":34,"column":15},"end":{"line":37,"column":2}},"6":{"start":{"line":42,"column":23},"end":{"line":42,"column":40}},"7":{"start":{"line":40,"column":11},"end":{"line":40,"column":27}},"8":{"start":{"line":45,"column":19},"end":{"line":50,"column":6}},"9":{"start":{"line":51,"column":4},"end":{"line":51,"column":54}},"10":{"start":{"line":56,"column":23},"end":{"line":61,"column":null}},"11":{"start":{"line":64,"column":19},"end":{"line":64,"column":58}},"12":{"start":{"line":65,"column":4},"end":{"line":65,"column":54}},"13":{"start":{"line":70,"column":19},"end":{"line":76,"column":6}},"14":{"start":{"line":77,"column":4},"end":{"line":77,"column":39}},"15":{"start":{"line":81,"column":36},"end":{"line":87,"column":6}},"16":{"start":{"line":88,"column":19},"end":{"line":88,"column":48}},"17":{"start":{"line":89,"column":4},"end":{"line":89,"column":30}},"18":{"start":{"line":92,"column":19},"end":{"line":94,"column":null}},"19":{"start":{"line":96,"column":4},"end":{"line":96,"column":18}},"20":{"start":{"line":39,"column":0},"end":{"line":39,"column":13}}},"fnMap":{"0":{"name":"(anonymous_0)","decl":{"start":{"line":42,"column":2},"end":{"line":42,"column":23}},"loc":{"start":{"line":42,"column":40},"end":{"line":42,"column":44}}},"1":{"name":"(anonymous_1)","decl":{"start":{"line":44,"column":2},"end":{"line":44,"column":7}},"loc":{"start":{"line":44,"column":31},"end":{"line":52,"column":3}}},"2":{"name":"(anonymous_2)","decl":{"start":{"line":55,"column":2},"end":{"line":55,"column":7}},"loc":{"start":{"line":55,"column":54},"end":{"line":66,"column":3}}},"3":{"name":"(anonymous_3)","decl":{"start":{"line":69,"column":2},"end":{"line":69,"column":7}},"loc":{"start":{"line":69,"column":27},"end":{"line":78,"column":3}}},"4":{"name":"(anonymous_4)","decl":{"start":{"line":80,"column":2},"end":{"line":80,"column":7}},"loc":{"start":{"line":80,"column":37},"end":{"line":90,"column":3}}},"5":{"name":"(anonymous_5)","decl":{"start":{"line":91,"column":2},"end":{"line":91,"column":7}},"loc":{"start":{"line":91,"column":48},"end":{"line":97,"column":3}}}},"branchMap":{"0":{"loc":{"start":{"line":31,"column":10},"end":{"line":31,"column":47}},"type":"binary-expr","locations":[{"start":{"line":31,"column":10},"end":{"line":31,"column":32}},{"start":{"line":31,"column":36},"end":{"line":31,"column":47}}]}},"s":{"0":0,"1":0,"2":0,"3":0,"4":0,"5":0,"6":0,"7":0,"8":0,"9":0,"10":0,"11":0,"12":0,"13":0,"14":0,"15":0,"16":0,"17":0,"18":0,"19":0,"20":0},"f":{"0":0,"1":0,"2":0,"3":0,"4":0,"5":0},"b":{"0":[0,0]}}
,"/home/felipe/bigtrade/felipe_user_crud_aws/src/04-infrastructure/item.ts": {"path":"/home/felipe/bigtrade/felipe_user_crud_aws/src/04-infrastructure/item.ts","statementMap":{"0":{"start":{"line":2,"column":0},"end":{"line":2,"column":22}}},"fnMap":{},"branchMap":{},"s":{"0":0},"f":{},"b":{}}
,"/home/felipe/bigtrade/felipe_user_crud_aws/src/04-infrastructure/message-sqs.ts": {"path":"/home/felipe/bigtrade/felipe_user_crud_aws/src/04-infrastructure/message-sqs.ts","statementMap":{"0":{"start":{"line":3,"column":0},"end":{"line":3,"column":22}}},"fnMap":{},"branchMap":{},"s":{"0":0},"f":{},"b":{}}
,"/home/felipe/bigtrade/felipe_user_crud_aws/src/04-infrastructure/sqs.ts": {"path":"/home/felipe/bigtrade/felipe_user_crud_aws/src/04-infrastructure/sqs.ts","statementMap":{"0":{"start":{"line":1,"column":0},"end":{"line":1,"column":null}},"1":{"start":{"line":8,"column":15},"end":{"line":10,"column":2}},"2":{"start":{"line":15,"column":23},"end":{"line":15,"column":37}},"3":{"start":{"line":13,"column":11},"end":{"line":13,"column":24}},"4":{"start":{"line":18,"column":44},"end":{"line":23,"column":6}},"5":{"start":{"line":24,"column":20},"end":{"line":24,"column":50}},"6":{"start":{"line":25,"column":4},"end":{"line":25,"column":32}},"7":{"start":{"line":12,"column":0},"end":{"line":12,"column":13}}},"fnMap":{"0":{"name":"(anonymous_0)","decl":{"start":{"line":15,"column":2},"end":{"line":15,"column":23}},"loc":{"start":{"line":15,"column":37},"end":{"line":15,"column":41}}},"1":{"name":"(anonymous_1)","decl":{"start":{"line":17,"column":2},"end":{"line":17,"column":7}},"loc":{"start":{"line":17,"column":36},"end":{"line":26,"column":3}}}},"branchMap":{},"s":{"0":0,"1":0,"2":0,"3":0,"4":0,"5":0,"6":0,"7":0},"f":{"0":0,"1":0},"b":{}}
,"/home/felipe/bigtrade/felipe_user_crud_aws/src/04-infrastructure/interface/s3-interface.ts": {"path":"/home/felipe/bigtrade/felipe_user_crud_aws/src/04-infrastructure/interface/s3-interface.ts","statementMap":{"0":{"start":{"line":18,"column":0},"end":{"line":18,"column":null}},"1":{"start":{"line":19,"column":2},"end":{"line":19,"column":null}},"2":{"start":{"line":20,"column":2},"end":{"line":20,"column":null}}},"fnMap":{"0":{"name":"(anonymous_0)","decl":{"start":{"line":18,"column":0},"end":{"line":18,"column":12}},"loc":{"start":{"line":18,"column":32},"end":{"line":21,"column":1}}}},"branchMap":{"0":{"loc":{"start":{"line":18,"column":12},"end":{"line":18,"column":null}},"type":"binary-expr","locations":[{"start":{"line":18,"column":12},"end":{"line":18,"column":32}},{"start":{"line":18,"column":32},"end":{"line":18,"column":null}}]}},"s":{"0":0,"1":0,"2":0},"f":{"0":0},"b":{"0":[0,0]}}
,"/home/felipe/bigtrade/felipe_user_crud_aws/src/04-infrastructure/items/book-item.ts": {"path":"/home/felipe/bigtrade/felipe_user_crud_aws/src/04-infrastructure/items/book-item.ts","statementMap":{"0":{"start":{"line":2,"column":0},"end":{"line":2,"column":37}},"1":{"start":{"line":4,"column":13},"end":{"line":4,"column":35}},"2":{"start":{"line":5,"column":13},"end":{"line":5,"column":34}},"3":{"start":{"line":9,"column":4},"end":{"line":9,"column":32}},"4":{"start":{"line":12,"column":4},"end":{"line":12,"column":35}},"5":{"start":{"line":15,"column":4},"end":{"line":15,"column":16}},"6":{"start":{"line":18,"column":14},"end":{"line":18,"column":40}},"7":{"start":{"line":19,"column":15},"end":{"line":19,"column":43}},"8":{"start":{"line":20,"column":24},"end":{"line":20,"column":61}},"9":{"start":{"line":21,"column":4},"end":{"line":26,"column":null}},"10":{"start":{"line":7,"column":0},"end":{"line":7,"column":13}}},"fnMap":{"0":{"name":"(anonymous_0)","decl":{"start":{"line":8,"column":2},"end":{"line":8,"column":8}},"loc":{"start":{"line":8,"column":22},"end":{"line":10,"column":3}}},"1":{"name":"(anonymous_1)","decl":{"start":{"line":11,"column":2},"end":{"line":11,"column":8}},"loc":{"start":{"line":11,"column":25},"end":{"line":13,"column":3}}},"2":{"name":"(anonymous_2)","decl":{"start":{"line":14,"column":2},"end":{"line":14,"column":8}},"loc":{"start":{"line":14,"column":26},"end":{"line":16,"column":3}}},"3":{"name":"(anonymous_3)","decl":{"start":{"line":17,"column":2},"end":{"line":17,"column":8}},"loc":{"start":{"line":17,"column":40},"end":{"line":27,"column":3}}}},"branchMap":{},"s":{"0":0,"1":0,"2":0,"3":0,"4":0,"5":0,"6":0,"7":0,"8":0,"9":0,"10":0},"f":{"0":0,"1":0,"2":0,"3":0},"b":{}}
,"/home/felipe/bigtrade/felipe_user_crud_aws/src/04-infrastructure/items/item.ts": {"path":"/home/felipe/bigtrade/felipe_user_crud_aws/src/04-infrastructure/items/item.ts","statementMap":{"0":{"start":{"line":2,"column":0},"end":{"line":2,"column":22}}},"fnMap":{},"branchMap":{},"s":{"0":0},"f":{},"b":{}}
,"/home/felipe/bigtrade/felipe_user_crud_aws/src/04-infrastructure/items/user-item.ts": {"path":"/home/felipe/bigtrade/felipe_user_crud_aws/src/04-infrastructure/items/user-item.ts","statementMap":{"0":{"start":{"line":2,"column":0},"end":{"line":2,"column":38}},"1":{"start":{"line":4,"column":13},"end":{"line":4,"column":37}},"2":{"start":{"line":5,"column":13},"end":{"line":5,"column":39}},"3":{"start":{"line":10,"column":4},"end":{"line":10,"column":32}},"4":{"start":{"line":13,"column":4},"end":{"line":13,"column":39}},"5":{"start":{"line":16,"column":4},"end":{"line":16,"column":16}},"6":{"start":{"line":19,"column":14},"end":{"line":19,"column":40}},"7":{"start":{"line":20,"column":15},"end":{"line":20,"column":48}},"8":{"start":{"line":21,"column":24},"end":{"line":21,"column":61}},"9":{"start":{"line":22,"column":4},"end":{"line":27,"column":null}},"10":{"start":{"line":8,"column":0},"end":{"line":8,"column":13}}},"fnMap":{"0":{"name":"(anonymous_0)","decl":{"start":{"line":9,"column":2},"end":{"line":9,"column":8}},"loc":{"start":{"line":9,"column":22},"end":{"line":11,"column":3}}},"1":{"name":"(anonymous_1)","decl":{"start":{"line":12,"column":2},"end":{"line":12,"column":8}},"loc":{"start":{"line":12,"column":29},"end":{"line":14,"column":3}}},"2":{"name":"(anonymous_2)","decl":{"start":{"line":15,"column":2},"end":{"line":15,"column":8}},"loc":{"start":{"line":15,"column":26},"end":{"line":17,"column":3}}},"3":{"name":"(anonymous_3)","decl":{"start":{"line":18,"column":2},"end":{"line":18,"column":8}},"loc":{"start":{"line":18,"column":40},"end":{"line":28,"column":3}}}},"branchMap":{},"s":{"0":0,"1":0,"2":0,"3":0,"4":0,"5":0,"6":0,"7":0,"8":0,"9":0,"10":0},"f":{"0":0,"1":0,"2":0,"3":0},"b":{}}
,"/home/felipe/bigtrade/felipe_user_crud_aws/src/04-infrastructure/utils/mapUSers.ts": {"path":"/home/felipe/bigtrade/felipe_user_crud_aws/src/04-infrastructure/utils/mapUSers.ts","statementMap":{"0":{"start":{"line":4,"column":24},"end":{"line":21,"column":3}},"1":{"start":{"line":5,"column":23},"end":{"line":19,"column":6}},"2":{"start":{"line":6,"column":23},"end":{"line":6,"column":73}},"3":{"start":{"line":6,"column":52},"end":{"line":6,"column":72}},"4":{"start":{"line":7,"column":23},"end":{"line":7,"column":80}},"5":{"start":{"line":7,"column":52},"end":{"line":7,"column":79}},"6":{"start":{"line":8,"column":21},"end":{"line":8,"column":70}},"7":{"start":{"line":8,"column":50},"end":{"line":8,"column":69}},"8":{"start":{"line":10,"column":30},"end":{"line":10,"column":66}},"9":{"start":{"line":11,"column":28},"end":{"line":11,"column":53}},"10":{"start":{"line":12,"column":30},"end":{"line":12,"column":57}},"11":{"start":{"line":13,"column":6},"end":{"line":18,"column":8}},"12":{"start":{"line":20,"column":4},"end":{"line":20,"column":22}},"13":{"start":{"line":4,"column":13},"end":{"line":4,"column":24}}},"fnMap":{"0":{"name":"(anonymous_0)","decl":{"start":{"line":4,"column":24},"end":{"line":4,"column":25}},"loc":{"start":{"line":4,"column":65},"end":{"line":21,"column":3}}},"1":{"name":"(anonymous_1)","decl":{"start":{"line":5,"column":36},"end":{"line":5,"column":40}},"loc":{"start":{"line":5,"column":43},"end":{"line":19,"column":5}}},"2":{"name":"(anonymous_2)","decl":{"start":{"line":6,"column":44},"end":{"line":6,"column":48}},"loc":{"start":{"line":6,"column":52},"end":{"line":6,"column":72}}},"3":{"name":"(anonymous_3)","decl":{"start":{"line":7,"column":44},"end":{"line":7,"column":48}},"loc":{"start":{"line":7,"column":52},"end":{"line":7,"column":79}}},"4":{"name":"(anonymous_4)","decl":{"start":{"line":8,"column":42},"end":{"line":8,"column":46}},"loc":{"start":{"line":8,"column":50},"end":{"line":8,"column":69}}}},"branchMap":{"0":{"loc":{"start":{"line":10,"column":30},"end":{"line":10,"column":66}},"type":"cond-expr","locations":[{"start":{"line":10,"column":30},"end":{"line":10,"column":38}},{"start":{"line":10,"column":42},"end":{"line":10,"column":66}}]},"1":{"loc":{"start":{"line":10,"column":30},"end":{"line":10,"column":42}},"type":"binary-expr","locations":[{"start":{"line":10,"column":30},"end":{"line":10,"column":42}},{"start":{"line":10,"column":30},"end":{"line":10,"column":42}}]},"2":{"loc":{"start":{"line":11,"column":28},"end":{"line":11,"column":53}},"type":"cond-expr","locations":[{"start":{"line":11,"column":28},"end":{"line":11,"column":34}},{"start":{"line":11,"column":38},"end":{"line":11,"column":53}}]},"3":{"loc":{"start":{"line":11,"column":28},"end":{"line":11,"column":38}},"type":"binary-expr","locations":[{"start":{"line":11,"column":28},"end":{"line":11,"column":38}},{"start":{"line":11,"column":28},"end":{"line":11,"column":38}}]},"4":{"loc":{"start":{"line":12,"column":30},"end":{"line":12,"column":57}},"type":"cond-expr","locations":[{"start":{"line":12,"column":30},"end":{"line":12,"column":38}},{"start":{"line":12,"column":42},"end":{"line":12,"column":57}}]},"5":{"loc":{"start":{"line":12,"column":30},"end":{"line":12,"column":42}},"type":"binary-expr","locations":[{"start":{"line":12,"column":30},"end":{"line":12,"column":42}},{"start":{"line":12,"column":30},"end":{"line":12,"column":42}}]}},"s":{"0":0,"1":0,"2":0,"3":0,"4":0,"5":0,"6":0,"7":0,"8":0,"9":0,"10":0,"11":0,"12":0,"13":0},"f":{"0":0,"1":0,"2":0,"3":0,"4":0},"b":{"0":[0,0],"1":[0,0],"2":[0,0],"3":[0,0],"4":[0,0],"5":[0,0]}}
,"/home/felipe/bigtrade/felipe_user_crud_aws/src/tests/unit/controller/mocks/allBooksController.ts": {"path":"/home/felipe/bigtrade/felipe_user_crud_aws/src/tests/unit/controller/mocks/allBooksController.ts","statementMap":{"0":{"start":{"line":1,"column":13},"end":{"line":14,"column":null}},"1":{"start":{"line":16,"column":13},"end":{"line":32,"column":null}}},"fnMap":{},"branchMap":{},"s":{"0":0,"1":0},"f":{},"b":{}}
,"/home/felipe/bigtrade/felipe_user_crud_aws/src/tests/unit/controller/mocks/allUsersController.ts": {"path":"/home/felipe/bigtrade/felipe_user_crud_aws/src/tests/unit/controller/mocks/allUsersController.ts","statementMap":{"0":{"start":{"line":1,"column":13},"end":{"line":21,"column":null}},"1":{"start":{"line":23,"column":13},"end":{"line":45,"column":null}}},"fnMap":{},"branchMap":{},"s":{"0":0,"1":0},"f":{},"b":{}}
,"/home/felipe/bigtrade/felipe_user_crud_aws/src/tests/unit/controller/mocks/cognitoMocks.ts": {"path":"/home/felipe/bigtrade/felipe_user_crud_aws/src/tests/unit/controller/mocks/cognitoMocks.ts","statementMap":{"0":{"start":{"line":1,"column":13},"end":{"line":1,"column":null}},"1":{"start":{"line":3,"column":13},"end":{"line":15,"column":null}}},"fnMap":{},"branchMap":{},"s":{"0":0,"1":0},"f":{},"b":{}}
,"/home/felipe/bigtrade/felipe_user_crud_aws/src/tests/unit/service/mocks/booksService.ts": {"path":"/home/felipe/bigtrade/felipe_user_crud_aws/src/tests/unit/service/mocks/booksService.ts","statementMap":{"0":{"start":{"line":4,"column":13},"end":{"line":21,"column":2}},"1":{"start":{"line":23,"column":13},"end":{"line":25,"column":null}},"2":{"start":{"line":27,"column":13},"end":{"line":36,"column":null}},"3":{"start":{"line":38,"column":13},"end":{"line":51,"column":null}},"4":{"start":{"line":52,"column":26},"end":{"line":61,"column":null}},"5":{"start":{"line":62,"column":13},"end":{"line":72,"column":2}}},"fnMap":{},"branchMap":{},"s":{"0":0,"1":0,"2":0,"3":0,"4":0,"5":0},"f":{},"b":{}}
,"/home/felipe/bigtrade/felipe_user_crud_aws/src/tests/unit/service/mocks/cognitoService.ts": {"path":"/home/felipe/bigtrade/felipe_user_crud_aws/src/tests/unit/service/mocks/cognitoService.ts","statementMap":{"0":{"start":{"line":3,"column":13},"end":{"line":8,"column":null}},"1":{"start":{"line":9,"column":13},"end":{"line":9,"column":null}},"2":{"start":{"line":12,"column":13},"end":{"line":25,"column":null}},"3":{"start":{"line":27,"column":13},"end":{"line":46,"column":null}},"4":{"start":{"line":48,"column":13},"end":{"line":58,"column":2}}},"fnMap":{},"branchMap":{},"s":{"0":0,"1":0,"2":0,"3":0,"4":0},"f":{},"b":{}}
,"/home/felipe/bigtrade/felipe_user_crud_aws/src/tests/unit/service/mocks/usersService.ts": {"path":"/home/felipe/bigtrade/felipe_user_crud_aws/src/tests/unit/service/mocks/usersService.ts","statementMap":{"0":{"start":{"line":4,"column":13},"end":{"line":16,"column":2}},"1":{"start":{"line":18,"column":13},"end":{"line":38,"column":null}},"2":{"start":{"line":41,"column":13},"end":{"line":56,"column":null}},"3":{"start":{"line":57,"column":13},"end":{"line":72,"column":null}},"4":{"start":{"line":73,"column":13},"end":{"line":75,"column":null}},"5":{"start":{"line":76,"column":13},"end":{"line":89,"column":null}},"6":{"start":{"line":90,"column":13},"end":{"line":106,"column":null}},"7":{"start":{"line":107,"column":13},"end":{"line":123,"column":null}},"8":{"start":{"line":124,"column":13},"end":{"line":140,"column":null}}},"fnMap":{},"branchMap":{},"s":{"0":0,"1":0,"2":0,"3":0,"4":0,"5":0,"6":0,"7":0,"8":0},"f":{},"b":{}}
}
